[2024-09-24 15:42][DEBUG] Entering _fetch_time_series()
[2024-09-24 15:42][DEBUG]  Entering get()
[2024-09-24 15:42][DEBUG] url=https://query2.finance.yahoo.com/ws/fundamentals-timeseries/v1/finance/timeseries/DRI?symbol=DRI&type=quarterlyTaxEffectOfUnusualItems,quarterlyTaxRateForCalcs,quarterlyNormalizedEBITDA,quarterlyNorma...
[2024-09-24 15:42][DEBUG] params=None
[2024-09-24 15:42][DEBUG]   Entering _get_cookie_and_crumb()
[2024-09-24 15:42][DEBUG] cookie_mode = 'basic'
[2024-09-24 15:42][DEBUG]    Entering _get_cookie_and_crumb_basic()
[2024-09-24 15:42][DEBUG] ('CREATE TABLE IF NOT EXISTS "_cookieschema" ("strategy" VARCHAR(255) NOT NULL PRIMARY KEY, "fetch_date" DATETIME NOT NULL, "cookie_bytes" BLOB NOT NULL) WITHOUT ROWID', [])
[2024-09-24 15:42][DEBUG] ('SELECT "t1"."strategy", "t1"."fetch_date", "t1"."cookie_bytes" FROM "_cookieschema" AS "t1" WHERE ("t1"."strategy" = ?) LIMIT ? OFFSET ?', ['basic', 1, 0])
[2024-09-24 15:42][DEBUG] Starting new HTTPS connection (1): fc.yahoo.com:443
[2024-09-24 15:42][DEBUG] https://fc.yahoo.com:443 "GET / HTTP/11" 404 4742
[2024-09-24 15:42][DEBUG] ('DELETE FROM "_cookieschema" WHERE ("_cookieschema"."strategy" = ?)', ['basic'])
[2024-09-24 15:42][DEBUG] ('BEGIN', None)
[2024-09-24 15:42][DEBUG] ('INSERT INTO "_cookieschema" ("strategy", "fetch_date", "cookie_bytes") VALUES (?, ?, ?)', ['basic', '2024-09-24T15:42:12.713182', <memory at 0x000001E64E253400>])
[2024-09-24 15:42][DEBUG] fetched basic cookie = <Cookie A3=d=AQABBLTB8mYCEPnrmun3WQKLwQY-Odfww9QFEgEBAQET9Gb8ZvWiQDIB_eMAAA&S=AQAAAo1Qm_7zA80MhicDUQkX8_g for .yahoo.com/>
[2024-09-24 15:42][DEBUG] reusing cookie
[2024-09-24 15:42][DEBUG] Starting new HTTPS connection (1): query1.finance.yahoo.com:443
[2024-09-24 15:42][DEBUG] https://query1.finance.yahoo.com:443 "GET /v1/test/getcrumb HTTP/11" 200 11
[2024-09-24 15:42][DEBUG] crumb = 'pUN0xdwtFPE'
[2024-09-24 15:42][DEBUG]    Exiting _get_cookie_and_crumb_basic()
[2024-09-24 15:42][DEBUG]   Exiting _get_cookie_and_crumb()
[2024-09-24 15:42][DEBUG] Starting new HTTPS connection (1): query2.finance.yahoo.com:443
[2024-09-24 15:42][DEBUG] https://query2.finance.yahoo.com:443 "GET /ws/fundamentals-timeseries/v1/finance/timeseries/DRI?symbol=DRI&type=quarterlyTaxEffectOfUnusualItems,quarterlyTaxRateForCalcs,quarterlyNormalizedEBITDA,quarterlyNormalizedDilutedEPS,quarterlyNormalizedBasicEPS,quarterlyTotalUnusualItems,quarterlyTotalUnusualItemsExcludingGoodwill,quarterlyNetIncomeFromContinuingOperationNetMinorityInterest,quarterlyReconciledDepreciation,quarterlyReconciledCostOfRevenue,quarterlyEBITDA,quarterlyEBIT,quarterlyNetInterestIncome,quarterlyInterestExpense,quarterlyInterestIncome,quarterlyContinuingAndDiscontinuedDilutedEPS,quarterlyContinuingAndDiscontinuedBasicEPS,quarterlyNormalizedIncome,quarterlyNetIncomeFromContinuingAndDiscontinuedOperation,quarterlyTotalExpenses,quarterlyRentExpenseSupplemental,quarterlyReportedNormalizedDilutedEPS,quarterlyReportedNormalizedBasicEPS,quarterlyTotalOperatingIncomeAsReported,quarterlyDividendPerShare,quarterlyDilutedAverageShares,quarterlyBasicAverageShares,quarterlyDilutedEPS,quarterlyDilutedEPSOtherGainsLosses,quarterlyTaxLossCarryforwardDilutedEPS,quarterlyDilutedAccountingChange,quarterlyDilutedExtraordinary,quarterlyDilutedDiscontinuousOperations,quarterlyDilutedContinuousOperations,quarterlyBasicEPS,quarterlyBasicEPSOtherGainsLosses,quarterlyTaxLossCarryforwardBasicEPS,quarterlyBasicAccountingChange,quarterlyBasicExtraordinary,quarterlyBasicDiscontinuousOperations,quarterlyBasicContinuousOperations,quarterlyDilutedNIAvailtoComStockholders,quarterlyAverageDilutionEarnings,quarterlyNetIncomeCommonStockholders,quarterlyOtherunderPreferredStockDividend,quarterlyPreferredStockDividends,quarterlyNetIncome,quarterlyMinorityInterests,quarterlyNetIncomeIncludingNoncontrollingInterests,quarterlyNetIncomeFromTaxLossCarryforward,quarterlyNetIncomeExtraordinary,quarterlyNetIncomeDiscontinuousOperations,quarterlyNetIncomeContinuousOperations,quarterlyEarningsFromEquityInterestNetOfTax,quarterlyTaxProvision,quarterlyPretaxIncome,quarterlyOtherIncomeExpense,quarterlyOtherNonOperatingIncomeExpenses,quarterlySpecialIncomeCharges,quarterlyGainOnSaleOfPPE,quarterlyGainOnSaleOfBusiness,quarterlyOtherSpecialCharges,quarterlyWriteOff,quarterlyImpairmentOfCapitalAssets,quarterlyRestructuringAndMergernAcquisition,quarterlySecuritiesAmortization,quarterlyEarningsFromEquityInterest,quarterlyGainOnSaleOfSecurity,quarterlyNetNonOperatingInterestIncomeExpense,quarterlyTotalOtherFinanceCost,quarterlyInterestExpenseNonOperating,quarterlyInterestIncomeNonOperating,quarterlyOperatingIncome,quarterlyOperatingExpense,quarterlyOtherOperatingExpenses,quarterlyOtherTaxes,quarterlyProvisionForDoubtfulAccounts,quarterlyDepreciationAmortizationDepletionIncomeStatement,quarterlyDepletionIncomeStatement,quarterlyDepreciationAndAmortizationInIncomeStatement,quarterlyAmortization,quarterlyAmortizationOfIntangiblesIncomeStatement,quarterlyDepreciationIncomeStatement,quarterlyResearchAndDevelopment,quarterlySellingGeneralAndAdministration,quarterlySellingAndMarketingExpense,quarterlyGeneralAndAdministrativeExpense,quarterlyOtherGandA,quarterlyInsuranceAndClaims,quarterlyRentAndLandingFees,quarterlySalariesAndWages,quarterlyGrossProfit,quarterlyCostOfRevenue,quarterlyTotalRevenue,quarterlyExciseTaxes,quarterlyOperatingRevenue,quarterlyLossAdjustmentExpense,quarterlyNetPolicyholderBenefitsAndClaims,quarterlyPolicyholderBenefitsGross,quarterlyPolicyholderBenefitsCeded,quarterlyOccupancyAndEquipment,quarterlyProfessionalExpenseAndContractServicesExpense,quarterlyOtherNonInterestExpense&period1=1483138800&period2=1727222400&crumb=pUN0xdwtFPE HTTP/11" 200 None
[2024-09-24 15:42][DEBUG] response code=200
[2024-09-24 15:42][DEBUG]  Exiting get()
[2024-09-24 15:42][DEBUG] Exiting _fetch_time_series()
[2024-09-24 15:42][DEBUG] Entering _fetch_time_series()
[2024-09-24 15:42][DEBUG]  Entering get()
[2024-09-24 15:42][DEBUG] url=https://query2.finance.yahoo.com/ws/fundamentals-timeseries/v1/finance/timeseries/FDS?symbol=FDS&type=quarterlyTaxEffectOfUnusualItems,quarterlyTaxRateForCalcs,quarterlyNormalizedEBITDA,quarterlyNorma...
[2024-09-24 15:42][DEBUG] params=None
[2024-09-24 15:42][DEBUG]   Entering _get_cookie_and_crumb()
[2024-09-24 15:42][DEBUG] cookie_mode = 'basic'
[2024-09-24 15:42][DEBUG]    Entering _get_cookie_and_crumb_basic()
[2024-09-24 15:42][DEBUG] reusing cookie
[2024-09-24 15:42][DEBUG] reusing crumb
[2024-09-24 15:42][DEBUG]    Exiting _get_cookie_and_crumb_basic()
[2024-09-24 15:42][DEBUG]   Exiting _get_cookie_and_crumb()
[2024-09-24 15:42][DEBUG] https://query2.finance.yahoo.com:443 "GET /ws/fundamentals-timeseries/v1/finance/timeseries/FDS?symbol=FDS&type=quarterlyTaxEffectOfUnusualItems,quarterlyTaxRateForCalcs,quarterlyNormalizedEBITDA,quarterlyNormalizedDilutedEPS,quarterlyNormalizedBasicEPS,quarterlyTotalUnusualItems,quarterlyTotalUnusualItemsExcludingGoodwill,quarterlyNetIncomeFromContinuingOperationNetMinorityInterest,quarterlyReconciledDepreciation,quarterlyReconciledCostOfRevenue,quarterlyEBITDA,quarterlyEBIT,quarterlyNetInterestIncome,quarterlyInterestExpense,quarterlyInterestIncome,quarterlyContinuingAndDiscontinuedDilutedEPS,quarterlyContinuingAndDiscontinuedBasicEPS,quarterlyNormalizedIncome,quarterlyNetIncomeFromContinuingAndDiscontinuedOperation,quarterlyTotalExpenses,quarterlyRentExpenseSupplemental,quarterlyReportedNormalizedDilutedEPS,quarterlyReportedNormalizedBasicEPS,quarterlyTotalOperatingIncomeAsReported,quarterlyDividendPerShare,quarterlyDilutedAverageShares,quarterlyBasicAverageShares,quarterlyDilutedEPS,quarterlyDilutedEPSOtherGainsLosses,quarterlyTaxLossCarryforwardDilutedEPS,quarterlyDilutedAccountingChange,quarterlyDilutedExtraordinary,quarterlyDilutedDiscontinuousOperations,quarterlyDilutedContinuousOperations,quarterlyBasicEPS,quarterlyBasicEPSOtherGainsLosses,quarterlyTaxLossCarryforwardBasicEPS,quarterlyBasicAccountingChange,quarterlyBasicExtraordinary,quarterlyBasicDiscontinuousOperations,quarterlyBasicContinuousOperations,quarterlyDilutedNIAvailtoComStockholders,quarterlyAverageDilutionEarnings,quarterlyNetIncomeCommonStockholders,quarterlyOtherunderPreferredStockDividend,quarterlyPreferredStockDividends,quarterlyNetIncome,quarterlyMinorityInterests,quarterlyNetIncomeIncludingNoncontrollingInterests,quarterlyNetIncomeFromTaxLossCarryforward,quarterlyNetIncomeExtraordinary,quarterlyNetIncomeDiscontinuousOperations,quarterlyNetIncomeContinuousOperations,quarterlyEarningsFromEquityInterestNetOfTax,quarterlyTaxProvision,quarterlyPretaxIncome,quarterlyOtherIncomeExpense,quarterlyOtherNonOperatingIncomeExpenses,quarterlySpecialIncomeCharges,quarterlyGainOnSaleOfPPE,quarterlyGainOnSaleOfBusiness,quarterlyOtherSpecialCharges,quarterlyWriteOff,quarterlyImpairmentOfCapitalAssets,quarterlyRestructuringAndMergernAcquisition,quarterlySecuritiesAmortization,quarterlyEarningsFromEquityInterest,quarterlyGainOnSaleOfSecurity,quarterlyNetNonOperatingInterestIncomeExpense,quarterlyTotalOtherFinanceCost,quarterlyInterestExpenseNonOperating,quarterlyInterestIncomeNonOperating,quarterlyOperatingIncome,quarterlyOperatingExpense,quarterlyOtherOperatingExpenses,quarterlyOtherTaxes,quarterlyProvisionForDoubtfulAccounts,quarterlyDepreciationAmortizationDepletionIncomeStatement,quarterlyDepletionIncomeStatement,quarterlyDepreciationAndAmortizationInIncomeStatement,quarterlyAmortization,quarterlyAmortizationOfIntangiblesIncomeStatement,quarterlyDepreciationIncomeStatement,quarterlyResearchAndDevelopment,quarterlySellingGeneralAndAdministration,quarterlySellingAndMarketingExpense,quarterlyGeneralAndAdministrativeExpense,quarterlyOtherGandA,quarterlyInsuranceAndClaims,quarterlyRentAndLandingFees,quarterlySalariesAndWages,quarterlyGrossProfit,quarterlyCostOfRevenue,quarterlyTotalRevenue,quarterlyExciseTaxes,quarterlyOperatingRevenue,quarterlyLossAdjustmentExpense,quarterlyNetPolicyholderBenefitsAndClaims,quarterlyPolicyholderBenefitsGross,quarterlyPolicyholderBenefitsCeded,quarterlyOccupancyAndEquipment,quarterlyProfessionalExpenseAndContractServicesExpense,quarterlyOtherNonInterestExpense&period1=1483138800&period2=1727222400&crumb=pUN0xdwtFPE HTTP/11" 200 None
[2024-09-24 15:42][DEBUG] response code=200
[2024-09-24 15:42][DEBUG]  Exiting get()
[2024-09-24 15:42][DEBUG] Exiting _fetch_time_series()
[2024-09-24 15:42][DEBUG] Entering _fetch_time_series()
[2024-09-24 15:42][DEBUG]  Entering get()
[2024-09-24 15:42][DEBUG] url=https://query2.finance.yahoo.com/ws/fundamentals-timeseries/v1/finance/timeseries/FDX?symbol=FDX&type=quarterlyTaxEffectOfUnusualItems,quarterlyTaxRateForCalcs,quarterlyNormalizedEBITDA,quarterlyNorma...
[2024-09-24 15:42][DEBUG] params=None
[2024-09-24 15:42][DEBUG]   Entering _get_cookie_and_crumb()
[2024-09-24 15:42][DEBUG] cookie_mode = 'basic'
[2024-09-24 15:42][DEBUG]    Entering _get_cookie_and_crumb_basic()
[2024-09-24 15:42][DEBUG] reusing cookie
[2024-09-24 15:42][DEBUG] reusing crumb
[2024-09-24 15:42][DEBUG]    Exiting _get_cookie_and_crumb_basic()
[2024-09-24 15:42][DEBUG]   Exiting _get_cookie_and_crumb()
[2024-09-24 15:42][DEBUG] https://query2.finance.yahoo.com:443 "GET /ws/fundamentals-timeseries/v1/finance/timeseries/FDX?symbol=FDX&type=quarterlyTaxEffectOfUnusualItems,quarterlyTaxRateForCalcs,quarterlyNormalizedEBITDA,quarterlyNormalizedDilutedEPS,quarterlyNormalizedBasicEPS,quarterlyTotalUnusualItems,quarterlyTotalUnusualItemsExcludingGoodwill,quarterlyNetIncomeFromContinuingOperationNetMinorityInterest,quarterlyReconciledDepreciation,quarterlyReconciledCostOfRevenue,quarterlyEBITDA,quarterlyEBIT,quarterlyNetInterestIncome,quarterlyInterestExpense,quarterlyInterestIncome,quarterlyContinuingAndDiscontinuedDilutedEPS,quarterlyContinuingAndDiscontinuedBasicEPS,quarterlyNormalizedIncome,quarterlyNetIncomeFromContinuingAndDiscontinuedOperation,quarterlyTotalExpenses,quarterlyRentExpenseSupplemental,quarterlyReportedNormalizedDilutedEPS,quarterlyReportedNormalizedBasicEPS,quarterlyTotalOperatingIncomeAsReported,quarterlyDividendPerShare,quarterlyDilutedAverageShares,quarterlyBasicAverageShares,quarterlyDilutedEPS,quarterlyDilutedEPSOtherGainsLosses,quarterlyTaxLossCarryforwardDilutedEPS,quarterlyDilutedAccountingChange,quarterlyDilutedExtraordinary,quarterlyDilutedDiscontinuousOperations,quarterlyDilutedContinuousOperations,quarterlyBasicEPS,quarterlyBasicEPSOtherGainsLosses,quarterlyTaxLossCarryforwardBasicEPS,quarterlyBasicAccountingChange,quarterlyBasicExtraordinary,quarterlyBasicDiscontinuousOperations,quarterlyBasicContinuousOperations,quarterlyDilutedNIAvailtoComStockholders,quarterlyAverageDilutionEarnings,quarterlyNetIncomeCommonStockholders,quarterlyOtherunderPreferredStockDividend,quarterlyPreferredStockDividends,quarterlyNetIncome,quarterlyMinorityInterests,quarterlyNetIncomeIncludingNoncontrollingInterests,quarterlyNetIncomeFromTaxLossCarryforward,quarterlyNetIncomeExtraordinary,quarterlyNetIncomeDiscontinuousOperations,quarterlyNetIncomeContinuousOperations,quarterlyEarningsFromEquityInterestNetOfTax,quarterlyTaxProvision,quarterlyPretaxIncome,quarterlyOtherIncomeExpense,quarterlyOtherNonOperatingIncomeExpenses,quarterlySpecialIncomeCharges,quarterlyGainOnSaleOfPPE,quarterlyGainOnSaleOfBusiness,quarterlyOtherSpecialCharges,quarterlyWriteOff,quarterlyImpairmentOfCapitalAssets,quarterlyRestructuringAndMergernAcquisition,quarterlySecuritiesAmortization,quarterlyEarningsFromEquityInterest,quarterlyGainOnSaleOfSecurity,quarterlyNetNonOperatingInterestIncomeExpense,quarterlyTotalOtherFinanceCost,quarterlyInterestExpenseNonOperating,quarterlyInterestIncomeNonOperating,quarterlyOperatingIncome,quarterlyOperatingExpense,quarterlyOtherOperatingExpenses,quarterlyOtherTaxes,quarterlyProvisionForDoubtfulAccounts,quarterlyDepreciationAmortizationDepletionIncomeStatement,quarterlyDepletionIncomeStatement,quarterlyDepreciationAndAmortizationInIncomeStatement,quarterlyAmortization,quarterlyAmortizationOfIntangiblesIncomeStatement,quarterlyDepreciationIncomeStatement,quarterlyResearchAndDevelopment,quarterlySellingGeneralAndAdministration,quarterlySellingAndMarketingExpense,quarterlyGeneralAndAdministrativeExpense,quarterlyOtherGandA,quarterlyInsuranceAndClaims,quarterlyRentAndLandingFees,quarterlySalariesAndWages,quarterlyGrossProfit,quarterlyCostOfRevenue,quarterlyTotalRevenue,quarterlyExciseTaxes,quarterlyOperatingRevenue,quarterlyLossAdjustmentExpense,quarterlyNetPolicyholderBenefitsAndClaims,quarterlyPolicyholderBenefitsGross,quarterlyPolicyholderBenefitsCeded,quarterlyOccupancyAndEquipment,quarterlyProfessionalExpenseAndContractServicesExpense,quarterlyOtherNonInterestExpense&period1=1483138800&period2=1727222400&crumb=pUN0xdwtFPE HTTP/11" 200 None
[2024-09-24 15:42][DEBUG] response code=200
[2024-09-24 15:42][DEBUG]  Exiting get()
[2024-09-24 15:42][DEBUG] Exiting _fetch_time_series()
[2024-09-24 15:42][DEBUG] Entering _fetch_time_series()
[2024-09-24 15:42][DEBUG]  Entering get()
[2024-09-24 15:42][DEBUG] url=https://query2.finance.yahoo.com/ws/fundamentals-timeseries/v1/finance/timeseries/GIS?symbol=GIS&type=quarterlyTaxEffectOfUnusualItems,quarterlyTaxRateForCalcs,quarterlyNormalizedEBITDA,quarterlyNorma...
[2024-09-24 15:42][DEBUG] params=None
[2024-09-24 15:42][DEBUG]   Entering _get_cookie_and_crumb()
[2024-09-24 15:42][DEBUG] cookie_mode = 'basic'
[2024-09-24 15:42][DEBUG]    Entering _get_cookie_and_crumb_basic()
[2024-09-24 15:42][DEBUG] reusing cookie
[2024-09-24 15:42][DEBUG] reusing crumb
[2024-09-24 15:42][DEBUG]    Exiting _get_cookie_and_crumb_basic()
[2024-09-24 15:42][DEBUG]   Exiting _get_cookie_and_crumb()
[2024-09-24 15:42][DEBUG] https://query2.finance.yahoo.com:443 "GET /ws/fundamentals-timeseries/v1/finance/timeseries/GIS?symbol=GIS&type=quarterlyTaxEffectOfUnusualItems,quarterlyTaxRateForCalcs,quarterlyNormalizedEBITDA,quarterlyNormalizedDilutedEPS,quarterlyNormalizedBasicEPS,quarterlyTotalUnusualItems,quarterlyTotalUnusualItemsExcludingGoodwill,quarterlyNetIncomeFromContinuingOperationNetMinorityInterest,quarterlyReconciledDepreciation,quarterlyReconciledCostOfRevenue,quarterlyEBITDA,quarterlyEBIT,quarterlyNetInterestIncome,quarterlyInterestExpense,quarterlyInterestIncome,quarterlyContinuingAndDiscontinuedDilutedEPS,quarterlyContinuingAndDiscontinuedBasicEPS,quarterlyNormalizedIncome,quarterlyNetIncomeFromContinuingAndDiscontinuedOperation,quarterlyTotalExpenses,quarterlyRentExpenseSupplemental,quarterlyReportedNormalizedDilutedEPS,quarterlyReportedNormalizedBasicEPS,quarterlyTotalOperatingIncomeAsReported,quarterlyDividendPerShare,quarterlyDilutedAverageShares,quarterlyBasicAverageShares,quarterlyDilutedEPS,quarterlyDilutedEPSOtherGainsLosses,quarterlyTaxLossCarryforwardDilutedEPS,quarterlyDilutedAccountingChange,quarterlyDilutedExtraordinary,quarterlyDilutedDiscontinuousOperations,quarterlyDilutedContinuousOperations,quarterlyBasicEPS,quarterlyBasicEPSOtherGainsLosses,quarterlyTaxLossCarryforwardBasicEPS,quarterlyBasicAccountingChange,quarterlyBasicExtraordinary,quarterlyBasicDiscontinuousOperations,quarterlyBasicContinuousOperations,quarterlyDilutedNIAvailtoComStockholders,quarterlyAverageDilutionEarnings,quarterlyNetIncomeCommonStockholders,quarterlyOtherunderPreferredStockDividend,quarterlyPreferredStockDividends,quarterlyNetIncome,quarterlyMinorityInterests,quarterlyNetIncomeIncludingNoncontrollingInterests,quarterlyNetIncomeFromTaxLossCarryforward,quarterlyNetIncomeExtraordinary,quarterlyNetIncomeDiscontinuousOperations,quarterlyNetIncomeContinuousOperations,quarterlyEarningsFromEquityInterestNetOfTax,quarterlyTaxProvision,quarterlyPretaxIncome,quarterlyOtherIncomeExpense,quarterlyOtherNonOperatingIncomeExpenses,quarterlySpecialIncomeCharges,quarterlyGainOnSaleOfPPE,quarterlyGainOnSaleOfBusiness,quarterlyOtherSpecialCharges,quarterlyWriteOff,quarterlyImpairmentOfCapitalAssets,quarterlyRestructuringAndMergernAcquisition,quarterlySecuritiesAmortization,quarterlyEarningsFromEquityInterest,quarterlyGainOnSaleOfSecurity,quarterlyNetNonOperatingInterestIncomeExpense,quarterlyTotalOtherFinanceCost,quarterlyInterestExpenseNonOperating,quarterlyInterestIncomeNonOperating,quarterlyOperatingIncome,quarterlyOperatingExpense,quarterlyOtherOperatingExpenses,quarterlyOtherTaxes,quarterlyProvisionForDoubtfulAccounts,quarterlyDepreciationAmortizationDepletionIncomeStatement,quarterlyDepletionIncomeStatement,quarterlyDepreciationAndAmortizationInIncomeStatement,quarterlyAmortization,quarterlyAmortizationOfIntangiblesIncomeStatement,quarterlyDepreciationIncomeStatement,quarterlyResearchAndDevelopment,quarterlySellingGeneralAndAdministration,quarterlySellingAndMarketingExpense,quarterlyGeneralAndAdministrativeExpense,quarterlyOtherGandA,quarterlyInsuranceAndClaims,quarterlyRentAndLandingFees,quarterlySalariesAndWages,quarterlyGrossProfit,quarterlyCostOfRevenue,quarterlyTotalRevenue,quarterlyExciseTaxes,quarterlyOperatingRevenue,quarterlyLossAdjustmentExpense,quarterlyNetPolicyholderBenefitsAndClaims,quarterlyPolicyholderBenefitsGross,quarterlyPolicyholderBenefitsCeded,quarterlyOccupancyAndEquipment,quarterlyProfessionalExpenseAndContractServicesExpense,quarterlyOtherNonInterestExpense&period1=1483138800&period2=1727222400&crumb=pUN0xdwtFPE HTTP/11" 200 None
[2024-09-24 15:42][DEBUG] response code=200
[2024-09-24 15:42][DEBUG]  Exiting get()
[2024-09-24 15:42][DEBUG] Exiting _fetch_time_series()
[2024-09-24 15:42][DEBUG] Entering _fetch_time_series()
[2024-09-24 15:42][DEBUG]  Entering get()
[2024-09-24 15:42][DEBUG] url=https://query2.finance.yahoo.com/ws/fundamentals-timeseries/v1/finance/timeseries/LEN?symbol=LEN&type=quarterlyTaxEffectOfUnusualItems,quarterlyTaxRateForCalcs,quarterlyNormalizedEBITDA,quarterlyNorma...
[2024-09-24 15:42][DEBUG] params=None
[2024-09-24 15:42][DEBUG]   Entering _get_cookie_and_crumb()
[2024-09-24 15:42][DEBUG] cookie_mode = 'basic'
[2024-09-24 15:42][DEBUG]    Entering _get_cookie_and_crumb_basic()
[2024-09-24 15:42][DEBUG] reusing cookie
[2024-09-24 15:42][DEBUG] reusing crumb
[2024-09-24 15:42][DEBUG]    Exiting _get_cookie_and_crumb_basic()
[2024-09-24 15:42][DEBUG]   Exiting _get_cookie_and_crumb()
[2024-09-24 15:42][DEBUG] https://query2.finance.yahoo.com:443 "GET /ws/fundamentals-timeseries/v1/finance/timeseries/LEN?symbol=LEN&type=quarterlyTaxEffectOfUnusualItems,quarterlyTaxRateForCalcs,quarterlyNormalizedEBITDA,quarterlyNormalizedDilutedEPS,quarterlyNormalizedBasicEPS,quarterlyTotalUnusualItems,quarterlyTotalUnusualItemsExcludingGoodwill,quarterlyNetIncomeFromContinuingOperationNetMinorityInterest,quarterlyReconciledDepreciation,quarterlyReconciledCostOfRevenue,quarterlyEBITDA,quarterlyEBIT,quarterlyNetInterestIncome,quarterlyInterestExpense,quarterlyInterestIncome,quarterlyContinuingAndDiscontinuedDilutedEPS,quarterlyContinuingAndDiscontinuedBasicEPS,quarterlyNormalizedIncome,quarterlyNetIncomeFromContinuingAndDiscontinuedOperation,quarterlyTotalExpenses,quarterlyRentExpenseSupplemental,quarterlyReportedNormalizedDilutedEPS,quarterlyReportedNormalizedBasicEPS,quarterlyTotalOperatingIncomeAsReported,quarterlyDividendPerShare,quarterlyDilutedAverageShares,quarterlyBasicAverageShares,quarterlyDilutedEPS,quarterlyDilutedEPSOtherGainsLosses,quarterlyTaxLossCarryforwardDilutedEPS,quarterlyDilutedAccountingChange,quarterlyDilutedExtraordinary,quarterlyDilutedDiscontinuousOperations,quarterlyDilutedContinuousOperations,quarterlyBasicEPS,quarterlyBasicEPSOtherGainsLosses,quarterlyTaxLossCarryforwardBasicEPS,quarterlyBasicAccountingChange,quarterlyBasicExtraordinary,quarterlyBasicDiscontinuousOperations,quarterlyBasicContinuousOperations,quarterlyDilutedNIAvailtoComStockholders,quarterlyAverageDilutionEarnings,quarterlyNetIncomeCommonStockholders,quarterlyOtherunderPreferredStockDividend,quarterlyPreferredStockDividends,quarterlyNetIncome,quarterlyMinorityInterests,quarterlyNetIncomeIncludingNoncontrollingInterests,quarterlyNetIncomeFromTaxLossCarryforward,quarterlyNetIncomeExtraordinary,quarterlyNetIncomeDiscontinuousOperations,quarterlyNetIncomeContinuousOperations,quarterlyEarningsFromEquityInterestNetOfTax,quarterlyTaxProvision,quarterlyPretaxIncome,quarterlyOtherIncomeExpense,quarterlyOtherNonOperatingIncomeExpenses,quarterlySpecialIncomeCharges,quarterlyGainOnSaleOfPPE,quarterlyGainOnSaleOfBusiness,quarterlyOtherSpecialCharges,quarterlyWriteOff,quarterlyImpairmentOfCapitalAssets,quarterlyRestructuringAndMergernAcquisition,quarterlySecuritiesAmortization,quarterlyEarningsFromEquityInterest,quarterlyGainOnSaleOfSecurity,quarterlyNetNonOperatingInterestIncomeExpense,quarterlyTotalOtherFinanceCost,quarterlyInterestExpenseNonOperating,quarterlyInterestIncomeNonOperating,quarterlyOperatingIncome,quarterlyOperatingExpense,quarterlyOtherOperatingExpenses,quarterlyOtherTaxes,quarterlyProvisionForDoubtfulAccounts,quarterlyDepreciationAmortizationDepletionIncomeStatement,quarterlyDepletionIncomeStatement,quarterlyDepreciationAndAmortizationInIncomeStatement,quarterlyAmortization,quarterlyAmortizationOfIntangiblesIncomeStatement,quarterlyDepreciationIncomeStatement,quarterlyResearchAndDevelopment,quarterlySellingGeneralAndAdministration,quarterlySellingAndMarketingExpense,quarterlyGeneralAndAdministrativeExpense,quarterlyOtherGandA,quarterlyInsuranceAndClaims,quarterlyRentAndLandingFees,quarterlySalariesAndWages,quarterlyGrossProfit,quarterlyCostOfRevenue,quarterlyTotalRevenue,quarterlyExciseTaxes,quarterlyOperatingRevenue,quarterlyLossAdjustmentExpense,quarterlyNetPolicyholderBenefitsAndClaims,quarterlyPolicyholderBenefitsGross,quarterlyPolicyholderBenefitsCeded,quarterlyOccupancyAndEquipment,quarterlyProfessionalExpenseAndContractServicesExpense,quarterlyOtherNonInterestExpense&period1=1483138800&period2=1727222400&crumb=pUN0xdwtFPE HTTP/11" 200 None
[2024-09-24 15:42][DEBUG] response code=200
[2024-09-24 15:42][DEBUG]  Exiting get()
[2024-09-24 15:42][DEBUG] Exiting _fetch_time_series()
[2024-09-24 15:46][DEBUG] Entering _fetch_time_series()
[2024-09-24 15:46][DEBUG]  Entering get()
[2024-09-24 15:46][DEBUG] url=https://query2.finance.yahoo.com/ws/fundamentals-timeseries/v1/finance/timeseries/DRI?symbol=DRI&type=quarterlyTaxEffectOfUnusualItems,quarterlyTaxRateForCalcs,quarterlyNormalizedEBITDA,quarterlyNorma...
[2024-09-24 15:46][DEBUG] params=None
[2024-09-24 15:46][DEBUG]   Entering _get_cookie_and_crumb()
[2024-09-24 15:46][DEBUG] cookie_mode = 'basic'
[2024-09-24 15:46][DEBUG]    Entering _get_cookie_and_crumb_basic()
[2024-09-24 15:46][DEBUG] ('CREATE TABLE IF NOT EXISTS "_cookieschema" ("strategy" VARCHAR(255) NOT NULL PRIMARY KEY, "fetch_date" DATETIME NOT NULL, "cookie_bytes" BLOB NOT NULL) WITHOUT ROWID', [])
[2024-09-24 15:46][DEBUG] ('SELECT "t1"."strategy", "t1"."fetch_date", "t1"."cookie_bytes" FROM "_cookieschema" AS "t1" WHERE ("t1"."strategy" = ?) LIMIT ? OFFSET ?', ['basic', 1, 0])
[2024-09-24 15:46][DEBUG] loaded persistent cookie
[2024-09-24 15:46][DEBUG] reusing cookie
[2024-09-24 15:46][DEBUG] Starting new HTTPS connection (1): query1.finance.yahoo.com:443
[2024-09-24 15:46][DEBUG] https://query1.finance.yahoo.com:443 "GET /v1/test/getcrumb HTTP/11" 200 11
[2024-09-24 15:46][DEBUG] crumb = 'pUN0xdwtFPE'
[2024-09-24 15:46][DEBUG]    Exiting _get_cookie_and_crumb_basic()
[2024-09-24 15:46][DEBUG]   Exiting _get_cookie_and_crumb()
[2024-09-24 15:46][DEBUG] Starting new HTTPS connection (1): query2.finance.yahoo.com:443
[2024-09-24 15:46][DEBUG] https://query2.finance.yahoo.com:443 "GET /ws/fundamentals-timeseries/v1/finance/timeseries/DRI?symbol=DRI&type=quarterlyTaxEffectOfUnusualItems,quarterlyTaxRateForCalcs,quarterlyNormalizedEBITDA,quarterlyNormalizedDilutedEPS,quarterlyNormalizedBasicEPS,quarterlyTotalUnusualItems,quarterlyTotalUnusualItemsExcludingGoodwill,quarterlyNetIncomeFromContinuingOperationNetMinorityInterest,quarterlyReconciledDepreciation,quarterlyReconciledCostOfRevenue,quarterlyEBITDA,quarterlyEBIT,quarterlyNetInterestIncome,quarterlyInterestExpense,quarterlyInterestIncome,quarterlyContinuingAndDiscontinuedDilutedEPS,quarterlyContinuingAndDiscontinuedBasicEPS,quarterlyNormalizedIncome,quarterlyNetIncomeFromContinuingAndDiscontinuedOperation,quarterlyTotalExpenses,quarterlyRentExpenseSupplemental,quarterlyReportedNormalizedDilutedEPS,quarterlyReportedNormalizedBasicEPS,quarterlyTotalOperatingIncomeAsReported,quarterlyDividendPerShare,quarterlyDilutedAverageShares,quarterlyBasicAverageShares,quarterlyDilutedEPS,quarterlyDilutedEPSOtherGainsLosses,quarterlyTaxLossCarryforwardDilutedEPS,quarterlyDilutedAccountingChange,quarterlyDilutedExtraordinary,quarterlyDilutedDiscontinuousOperations,quarterlyDilutedContinuousOperations,quarterlyBasicEPS,quarterlyBasicEPSOtherGainsLosses,quarterlyTaxLossCarryforwardBasicEPS,quarterlyBasicAccountingChange,quarterlyBasicExtraordinary,quarterlyBasicDiscontinuousOperations,quarterlyBasicContinuousOperations,quarterlyDilutedNIAvailtoComStockholders,quarterlyAverageDilutionEarnings,quarterlyNetIncomeCommonStockholders,quarterlyOtherunderPreferredStockDividend,quarterlyPreferredStockDividends,quarterlyNetIncome,quarterlyMinorityInterests,quarterlyNetIncomeIncludingNoncontrollingInterests,quarterlyNetIncomeFromTaxLossCarryforward,quarterlyNetIncomeExtraordinary,quarterlyNetIncomeDiscontinuousOperations,quarterlyNetIncomeContinuousOperations,quarterlyEarningsFromEquityInterestNetOfTax,quarterlyTaxProvision,quarterlyPretaxIncome,quarterlyOtherIncomeExpense,quarterlyOtherNonOperatingIncomeExpenses,quarterlySpecialIncomeCharges,quarterlyGainOnSaleOfPPE,quarterlyGainOnSaleOfBusiness,quarterlyOtherSpecialCharges,quarterlyWriteOff,quarterlyImpairmentOfCapitalAssets,quarterlyRestructuringAndMergernAcquisition,quarterlySecuritiesAmortization,quarterlyEarningsFromEquityInterest,quarterlyGainOnSaleOfSecurity,quarterlyNetNonOperatingInterestIncomeExpense,quarterlyTotalOtherFinanceCost,quarterlyInterestExpenseNonOperating,quarterlyInterestIncomeNonOperating,quarterlyOperatingIncome,quarterlyOperatingExpense,quarterlyOtherOperatingExpenses,quarterlyOtherTaxes,quarterlyProvisionForDoubtfulAccounts,quarterlyDepreciationAmortizationDepletionIncomeStatement,quarterlyDepletionIncomeStatement,quarterlyDepreciationAndAmortizationInIncomeStatement,quarterlyAmortization,quarterlyAmortizationOfIntangiblesIncomeStatement,quarterlyDepreciationIncomeStatement,quarterlyResearchAndDevelopment,quarterlySellingGeneralAndAdministration,quarterlySellingAndMarketingExpense,quarterlyGeneralAndAdministrativeExpense,quarterlyOtherGandA,quarterlyInsuranceAndClaims,quarterlyRentAndLandingFees,quarterlySalariesAndWages,quarterlyGrossProfit,quarterlyCostOfRevenue,quarterlyTotalRevenue,quarterlyExciseTaxes,quarterlyOperatingRevenue,quarterlyLossAdjustmentExpense,quarterlyNetPolicyholderBenefitsAndClaims,quarterlyPolicyholderBenefitsGross,quarterlyPolicyholderBenefitsCeded,quarterlyOccupancyAndEquipment,quarterlyProfessionalExpenseAndContractServicesExpense,quarterlyOtherNonInterestExpense&period1=1483138800&period2=1727222400&crumb=pUN0xdwtFPE HTTP/11" 200 None
[2024-09-24 15:46][DEBUG] response code=200
[2024-09-24 15:46][DEBUG]  Exiting get()
[2024-09-24 15:46][DEBUG] Exiting _fetch_time_series()
[2024-09-24 15:46][DEBUG] Entering _fetch_time_series()
[2024-09-24 15:46][DEBUG]  Entering get()
[2024-09-24 15:46][DEBUG] url=https://query2.finance.yahoo.com/ws/fundamentals-timeseries/v1/finance/timeseries/FDS?symbol=FDS&type=quarterlyTaxEffectOfUnusualItems,quarterlyTaxRateForCalcs,quarterlyNormalizedEBITDA,quarterlyNorma...
[2024-09-24 15:46][DEBUG] params=None
[2024-09-24 15:46][DEBUG]   Entering _get_cookie_and_crumb()
[2024-09-24 15:46][DEBUG] cookie_mode = 'basic'
[2024-09-24 15:46][DEBUG]    Entering _get_cookie_and_crumb_basic()
[2024-09-24 15:46][DEBUG] reusing cookie
[2024-09-24 15:46][DEBUG] reusing crumb
[2024-09-24 15:46][DEBUG]    Exiting _get_cookie_and_crumb_basic()
[2024-09-24 15:46][DEBUG]   Exiting _get_cookie_and_crumb()
[2024-09-24 15:46][DEBUG] https://query2.finance.yahoo.com:443 "GET /ws/fundamentals-timeseries/v1/finance/timeseries/FDS?symbol=FDS&type=quarterlyTaxEffectOfUnusualItems,quarterlyTaxRateForCalcs,quarterlyNormalizedEBITDA,quarterlyNormalizedDilutedEPS,quarterlyNormalizedBasicEPS,quarterlyTotalUnusualItems,quarterlyTotalUnusualItemsExcludingGoodwill,quarterlyNetIncomeFromContinuingOperationNetMinorityInterest,quarterlyReconciledDepreciation,quarterlyReconciledCostOfRevenue,quarterlyEBITDA,quarterlyEBIT,quarterlyNetInterestIncome,quarterlyInterestExpense,quarterlyInterestIncome,quarterlyContinuingAndDiscontinuedDilutedEPS,quarterlyContinuingAndDiscontinuedBasicEPS,quarterlyNormalizedIncome,quarterlyNetIncomeFromContinuingAndDiscontinuedOperation,quarterlyTotalExpenses,quarterlyRentExpenseSupplemental,quarterlyReportedNormalizedDilutedEPS,quarterlyReportedNormalizedBasicEPS,quarterlyTotalOperatingIncomeAsReported,quarterlyDividendPerShare,quarterlyDilutedAverageShares,quarterlyBasicAverageShares,quarterlyDilutedEPS,quarterlyDilutedEPSOtherGainsLosses,quarterlyTaxLossCarryforwardDilutedEPS,quarterlyDilutedAccountingChange,quarterlyDilutedExtraordinary,quarterlyDilutedDiscontinuousOperations,quarterlyDilutedContinuousOperations,quarterlyBasicEPS,quarterlyBasicEPSOtherGainsLosses,quarterlyTaxLossCarryforwardBasicEPS,quarterlyBasicAccountingChange,quarterlyBasicExtraordinary,quarterlyBasicDiscontinuousOperations,quarterlyBasicContinuousOperations,quarterlyDilutedNIAvailtoComStockholders,quarterlyAverageDilutionEarnings,quarterlyNetIncomeCommonStockholders,quarterlyOtherunderPreferredStockDividend,quarterlyPreferredStockDividends,quarterlyNetIncome,quarterlyMinorityInterests,quarterlyNetIncomeIncludingNoncontrollingInterests,quarterlyNetIncomeFromTaxLossCarryforward,quarterlyNetIncomeExtraordinary,quarterlyNetIncomeDiscontinuousOperations,quarterlyNetIncomeContinuousOperations,quarterlyEarningsFromEquityInterestNetOfTax,quarterlyTaxProvision,quarterlyPretaxIncome,quarterlyOtherIncomeExpense,quarterlyOtherNonOperatingIncomeExpenses,quarterlySpecialIncomeCharges,quarterlyGainOnSaleOfPPE,quarterlyGainOnSaleOfBusiness,quarterlyOtherSpecialCharges,quarterlyWriteOff,quarterlyImpairmentOfCapitalAssets,quarterlyRestructuringAndMergernAcquisition,quarterlySecuritiesAmortization,quarterlyEarningsFromEquityInterest,quarterlyGainOnSaleOfSecurity,quarterlyNetNonOperatingInterestIncomeExpense,quarterlyTotalOtherFinanceCost,quarterlyInterestExpenseNonOperating,quarterlyInterestIncomeNonOperating,quarterlyOperatingIncome,quarterlyOperatingExpense,quarterlyOtherOperatingExpenses,quarterlyOtherTaxes,quarterlyProvisionForDoubtfulAccounts,quarterlyDepreciationAmortizationDepletionIncomeStatement,quarterlyDepletionIncomeStatement,quarterlyDepreciationAndAmortizationInIncomeStatement,quarterlyAmortization,quarterlyAmortizationOfIntangiblesIncomeStatement,quarterlyDepreciationIncomeStatement,quarterlyResearchAndDevelopment,quarterlySellingGeneralAndAdministration,quarterlySellingAndMarketingExpense,quarterlyGeneralAndAdministrativeExpense,quarterlyOtherGandA,quarterlyInsuranceAndClaims,quarterlyRentAndLandingFees,quarterlySalariesAndWages,quarterlyGrossProfit,quarterlyCostOfRevenue,quarterlyTotalRevenue,quarterlyExciseTaxes,quarterlyOperatingRevenue,quarterlyLossAdjustmentExpense,quarterlyNetPolicyholderBenefitsAndClaims,quarterlyPolicyholderBenefitsGross,quarterlyPolicyholderBenefitsCeded,quarterlyOccupancyAndEquipment,quarterlyProfessionalExpenseAndContractServicesExpense,quarterlyOtherNonInterestExpense&period1=1483138800&period2=1727222400&crumb=pUN0xdwtFPE HTTP/11" 200 None
[2024-09-24 15:46][DEBUG] response code=200
[2024-09-24 15:46][DEBUG]  Exiting get()
[2024-09-24 15:46][DEBUG] Exiting _fetch_time_series()
[2024-09-24 15:46][DEBUG] Entering _fetch_time_series()
[2024-09-24 15:46][DEBUG]  Entering get()
[2024-09-24 15:46][DEBUG] url=https://query2.finance.yahoo.com/ws/fundamentals-timeseries/v1/finance/timeseries/FDX?symbol=FDX&type=quarterlyTaxEffectOfUnusualItems,quarterlyTaxRateForCalcs,quarterlyNormalizedEBITDA,quarterlyNorma...
[2024-09-24 15:46][DEBUG] params=None
[2024-09-24 15:46][DEBUG]   Entering _get_cookie_and_crumb()
[2024-09-24 15:46][DEBUG] cookie_mode = 'basic'
[2024-09-24 15:46][DEBUG]    Entering _get_cookie_and_crumb_basic()
[2024-09-24 15:46][DEBUG] reusing cookie
[2024-09-24 15:46][DEBUG] reusing crumb
[2024-09-24 15:46][DEBUG]    Exiting _get_cookie_and_crumb_basic()
[2024-09-24 15:46][DEBUG]   Exiting _get_cookie_and_crumb()
[2024-09-24 15:46][DEBUG] https://query2.finance.yahoo.com:443 "GET /ws/fundamentals-timeseries/v1/finance/timeseries/FDX?symbol=FDX&type=quarterlyTaxEffectOfUnusualItems,quarterlyTaxRateForCalcs,quarterlyNormalizedEBITDA,quarterlyNormalizedDilutedEPS,quarterlyNormalizedBasicEPS,quarterlyTotalUnusualItems,quarterlyTotalUnusualItemsExcludingGoodwill,quarterlyNetIncomeFromContinuingOperationNetMinorityInterest,quarterlyReconciledDepreciation,quarterlyReconciledCostOfRevenue,quarterlyEBITDA,quarterlyEBIT,quarterlyNetInterestIncome,quarterlyInterestExpense,quarterlyInterestIncome,quarterlyContinuingAndDiscontinuedDilutedEPS,quarterlyContinuingAndDiscontinuedBasicEPS,quarterlyNormalizedIncome,quarterlyNetIncomeFromContinuingAndDiscontinuedOperation,quarterlyTotalExpenses,quarterlyRentExpenseSupplemental,quarterlyReportedNormalizedDilutedEPS,quarterlyReportedNormalizedBasicEPS,quarterlyTotalOperatingIncomeAsReported,quarterlyDividendPerShare,quarterlyDilutedAverageShares,quarterlyBasicAverageShares,quarterlyDilutedEPS,quarterlyDilutedEPSOtherGainsLosses,quarterlyTaxLossCarryforwardDilutedEPS,quarterlyDilutedAccountingChange,quarterlyDilutedExtraordinary,quarterlyDilutedDiscontinuousOperations,quarterlyDilutedContinuousOperations,quarterlyBasicEPS,quarterlyBasicEPSOtherGainsLosses,quarterlyTaxLossCarryforwardBasicEPS,quarterlyBasicAccountingChange,quarterlyBasicExtraordinary,quarterlyBasicDiscontinuousOperations,quarterlyBasicContinuousOperations,quarterlyDilutedNIAvailtoComStockholders,quarterlyAverageDilutionEarnings,quarterlyNetIncomeCommonStockholders,quarterlyOtherunderPreferredStockDividend,quarterlyPreferredStockDividends,quarterlyNetIncome,quarterlyMinorityInterests,quarterlyNetIncomeIncludingNoncontrollingInterests,quarterlyNetIncomeFromTaxLossCarryforward,quarterlyNetIncomeExtraordinary,quarterlyNetIncomeDiscontinuousOperations,quarterlyNetIncomeContinuousOperations,quarterlyEarningsFromEquityInterestNetOfTax,quarterlyTaxProvision,quarterlyPretaxIncome,quarterlyOtherIncomeExpense,quarterlyOtherNonOperatingIncomeExpenses,quarterlySpecialIncomeCharges,quarterlyGainOnSaleOfPPE,quarterlyGainOnSaleOfBusiness,quarterlyOtherSpecialCharges,quarterlyWriteOff,quarterlyImpairmentOfCapitalAssets,quarterlyRestructuringAndMergernAcquisition,quarterlySecuritiesAmortization,quarterlyEarningsFromEquityInterest,quarterlyGainOnSaleOfSecurity,quarterlyNetNonOperatingInterestIncomeExpense,quarterlyTotalOtherFinanceCost,quarterlyInterestExpenseNonOperating,quarterlyInterestIncomeNonOperating,quarterlyOperatingIncome,quarterlyOperatingExpense,quarterlyOtherOperatingExpenses,quarterlyOtherTaxes,quarterlyProvisionForDoubtfulAccounts,quarterlyDepreciationAmortizationDepletionIncomeStatement,quarterlyDepletionIncomeStatement,quarterlyDepreciationAndAmortizationInIncomeStatement,quarterlyAmortization,quarterlyAmortizationOfIntangiblesIncomeStatement,quarterlyDepreciationIncomeStatement,quarterlyResearchAndDevelopment,quarterlySellingGeneralAndAdministration,quarterlySellingAndMarketingExpense,quarterlyGeneralAndAdministrativeExpense,quarterlyOtherGandA,quarterlyInsuranceAndClaims,quarterlyRentAndLandingFees,quarterlySalariesAndWages,quarterlyGrossProfit,quarterlyCostOfRevenue,quarterlyTotalRevenue,quarterlyExciseTaxes,quarterlyOperatingRevenue,quarterlyLossAdjustmentExpense,quarterlyNetPolicyholderBenefitsAndClaims,quarterlyPolicyholderBenefitsGross,quarterlyPolicyholderBenefitsCeded,quarterlyOccupancyAndEquipment,quarterlyProfessionalExpenseAndContractServicesExpense,quarterlyOtherNonInterestExpense&period1=1483138800&period2=1727222400&crumb=pUN0xdwtFPE HTTP/11" 200 None
[2024-09-24 15:46][DEBUG] response code=200
[2024-09-24 15:46][DEBUG]  Exiting get()
[2024-09-24 15:46][DEBUG] Exiting _fetch_time_series()
[2024-09-24 15:46][DEBUG] Entering _fetch_time_series()
[2024-09-24 15:46][DEBUG]  Entering get()
[2024-09-24 15:46][DEBUG] url=https://query2.finance.yahoo.com/ws/fundamentals-timeseries/v1/finance/timeseries/GIS?symbol=GIS&type=quarterlyTaxEffectOfUnusualItems,quarterlyTaxRateForCalcs,quarterlyNormalizedEBITDA,quarterlyNorma...
[2024-09-24 15:46][DEBUG] params=None
[2024-09-24 15:46][DEBUG]   Entering _get_cookie_and_crumb()
[2024-09-24 15:46][DEBUG] cookie_mode = 'basic'
[2024-09-24 15:46][DEBUG]    Entering _get_cookie_and_crumb_basic()
[2024-09-24 15:46][DEBUG] reusing cookie
[2024-09-24 15:46][DEBUG] reusing crumb
[2024-09-24 15:46][DEBUG]    Exiting _get_cookie_and_crumb_basic()
[2024-09-24 15:46][DEBUG]   Exiting _get_cookie_and_crumb()
[2024-09-24 15:46][DEBUG] https://query2.finance.yahoo.com:443 "GET /ws/fundamentals-timeseries/v1/finance/timeseries/GIS?symbol=GIS&type=quarterlyTaxEffectOfUnusualItems,quarterlyTaxRateForCalcs,quarterlyNormalizedEBITDA,quarterlyNormalizedDilutedEPS,quarterlyNormalizedBasicEPS,quarterlyTotalUnusualItems,quarterlyTotalUnusualItemsExcludingGoodwill,quarterlyNetIncomeFromContinuingOperationNetMinorityInterest,quarterlyReconciledDepreciation,quarterlyReconciledCostOfRevenue,quarterlyEBITDA,quarterlyEBIT,quarterlyNetInterestIncome,quarterlyInterestExpense,quarterlyInterestIncome,quarterlyContinuingAndDiscontinuedDilutedEPS,quarterlyContinuingAndDiscontinuedBasicEPS,quarterlyNormalizedIncome,quarterlyNetIncomeFromContinuingAndDiscontinuedOperation,quarterlyTotalExpenses,quarterlyRentExpenseSupplemental,quarterlyReportedNormalizedDilutedEPS,quarterlyReportedNormalizedBasicEPS,quarterlyTotalOperatingIncomeAsReported,quarterlyDividendPerShare,quarterlyDilutedAverageShares,quarterlyBasicAverageShares,quarterlyDilutedEPS,quarterlyDilutedEPSOtherGainsLosses,quarterlyTaxLossCarryforwardDilutedEPS,quarterlyDilutedAccountingChange,quarterlyDilutedExtraordinary,quarterlyDilutedDiscontinuousOperations,quarterlyDilutedContinuousOperations,quarterlyBasicEPS,quarterlyBasicEPSOtherGainsLosses,quarterlyTaxLossCarryforwardBasicEPS,quarterlyBasicAccountingChange,quarterlyBasicExtraordinary,quarterlyBasicDiscontinuousOperations,quarterlyBasicContinuousOperations,quarterlyDilutedNIAvailtoComStockholders,quarterlyAverageDilutionEarnings,quarterlyNetIncomeCommonStockholders,quarterlyOtherunderPreferredStockDividend,quarterlyPreferredStockDividends,quarterlyNetIncome,quarterlyMinorityInterests,quarterlyNetIncomeIncludingNoncontrollingInterests,quarterlyNetIncomeFromTaxLossCarryforward,quarterlyNetIncomeExtraordinary,quarterlyNetIncomeDiscontinuousOperations,quarterlyNetIncomeContinuousOperations,quarterlyEarningsFromEquityInterestNetOfTax,quarterlyTaxProvision,quarterlyPretaxIncome,quarterlyOtherIncomeExpense,quarterlyOtherNonOperatingIncomeExpenses,quarterlySpecialIncomeCharges,quarterlyGainOnSaleOfPPE,quarterlyGainOnSaleOfBusiness,quarterlyOtherSpecialCharges,quarterlyWriteOff,quarterlyImpairmentOfCapitalAssets,quarterlyRestructuringAndMergernAcquisition,quarterlySecuritiesAmortization,quarterlyEarningsFromEquityInterest,quarterlyGainOnSaleOfSecurity,quarterlyNetNonOperatingInterestIncomeExpense,quarterlyTotalOtherFinanceCost,quarterlyInterestExpenseNonOperating,quarterlyInterestIncomeNonOperating,quarterlyOperatingIncome,quarterlyOperatingExpense,quarterlyOtherOperatingExpenses,quarterlyOtherTaxes,quarterlyProvisionForDoubtfulAccounts,quarterlyDepreciationAmortizationDepletionIncomeStatement,quarterlyDepletionIncomeStatement,quarterlyDepreciationAndAmortizationInIncomeStatement,quarterlyAmortization,quarterlyAmortizationOfIntangiblesIncomeStatement,quarterlyDepreciationIncomeStatement,quarterlyResearchAndDevelopment,quarterlySellingGeneralAndAdministration,quarterlySellingAndMarketingExpense,quarterlyGeneralAndAdministrativeExpense,quarterlyOtherGandA,quarterlyInsuranceAndClaims,quarterlyRentAndLandingFees,quarterlySalariesAndWages,quarterlyGrossProfit,quarterlyCostOfRevenue,quarterlyTotalRevenue,quarterlyExciseTaxes,quarterlyOperatingRevenue,quarterlyLossAdjustmentExpense,quarterlyNetPolicyholderBenefitsAndClaims,quarterlyPolicyholderBenefitsGross,quarterlyPolicyholderBenefitsCeded,quarterlyOccupancyAndEquipment,quarterlyProfessionalExpenseAndContractServicesExpense,quarterlyOtherNonInterestExpense&period1=1483138800&period2=1727222400&crumb=pUN0xdwtFPE HTTP/11" 200 None
[2024-09-24 15:46][DEBUG] response code=200
[2024-09-24 15:46][DEBUG]  Exiting get()
[2024-09-24 15:46][DEBUG] Exiting _fetch_time_series()
[2024-09-24 15:46][DEBUG] Entering _fetch_time_series()
[2024-09-24 15:46][DEBUG]  Entering get()
[2024-09-24 15:46][DEBUG] url=https://query2.finance.yahoo.com/ws/fundamentals-timeseries/v1/finance/timeseries/LEN?symbol=LEN&type=quarterlyTaxEffectOfUnusualItems,quarterlyTaxRateForCalcs,quarterlyNormalizedEBITDA,quarterlyNorma...
[2024-09-24 15:46][DEBUG] params=None
[2024-09-24 15:46][DEBUG]   Entering _get_cookie_and_crumb()
[2024-09-24 15:46][DEBUG] cookie_mode = 'basic'
[2024-09-24 15:46][DEBUG]    Entering _get_cookie_and_crumb_basic()
[2024-09-24 15:46][DEBUG] reusing cookie
[2024-09-24 15:46][DEBUG] reusing crumb
[2024-09-24 15:46][DEBUG]    Exiting _get_cookie_and_crumb_basic()
[2024-09-24 15:46][DEBUG]   Exiting _get_cookie_and_crumb()
[2024-09-24 15:46][DEBUG] https://query2.finance.yahoo.com:443 "GET /ws/fundamentals-timeseries/v1/finance/timeseries/LEN?symbol=LEN&type=quarterlyTaxEffectOfUnusualItems,quarterlyTaxRateForCalcs,quarterlyNormalizedEBITDA,quarterlyNormalizedDilutedEPS,quarterlyNormalizedBasicEPS,quarterlyTotalUnusualItems,quarterlyTotalUnusualItemsExcludingGoodwill,quarterlyNetIncomeFromContinuingOperationNetMinorityInterest,quarterlyReconciledDepreciation,quarterlyReconciledCostOfRevenue,quarterlyEBITDA,quarterlyEBIT,quarterlyNetInterestIncome,quarterlyInterestExpense,quarterlyInterestIncome,quarterlyContinuingAndDiscontinuedDilutedEPS,quarterlyContinuingAndDiscontinuedBasicEPS,quarterlyNormalizedIncome,quarterlyNetIncomeFromContinuingAndDiscontinuedOperation,quarterlyTotalExpenses,quarterlyRentExpenseSupplemental,quarterlyReportedNormalizedDilutedEPS,quarterlyReportedNormalizedBasicEPS,quarterlyTotalOperatingIncomeAsReported,quarterlyDividendPerShare,quarterlyDilutedAverageShares,quarterlyBasicAverageShares,quarterlyDilutedEPS,quarterlyDilutedEPSOtherGainsLosses,quarterlyTaxLossCarryforwardDilutedEPS,quarterlyDilutedAccountingChange,quarterlyDilutedExtraordinary,quarterlyDilutedDiscontinuousOperations,quarterlyDilutedContinuousOperations,quarterlyBasicEPS,quarterlyBasicEPSOtherGainsLosses,quarterlyTaxLossCarryforwardBasicEPS,quarterlyBasicAccountingChange,quarterlyBasicExtraordinary,quarterlyBasicDiscontinuousOperations,quarterlyBasicContinuousOperations,quarterlyDilutedNIAvailtoComStockholders,quarterlyAverageDilutionEarnings,quarterlyNetIncomeCommonStockholders,quarterlyOtherunderPreferredStockDividend,quarterlyPreferredStockDividends,quarterlyNetIncome,quarterlyMinorityInterests,quarterlyNetIncomeIncludingNoncontrollingInterests,quarterlyNetIncomeFromTaxLossCarryforward,quarterlyNetIncomeExtraordinary,quarterlyNetIncomeDiscontinuousOperations,quarterlyNetIncomeContinuousOperations,quarterlyEarningsFromEquityInterestNetOfTax,quarterlyTaxProvision,quarterlyPretaxIncome,quarterlyOtherIncomeExpense,quarterlyOtherNonOperatingIncomeExpenses,quarterlySpecialIncomeCharges,quarterlyGainOnSaleOfPPE,quarterlyGainOnSaleOfBusiness,quarterlyOtherSpecialCharges,quarterlyWriteOff,quarterlyImpairmentOfCapitalAssets,quarterlyRestructuringAndMergernAcquisition,quarterlySecuritiesAmortization,quarterlyEarningsFromEquityInterest,quarterlyGainOnSaleOfSecurity,quarterlyNetNonOperatingInterestIncomeExpense,quarterlyTotalOtherFinanceCost,quarterlyInterestExpenseNonOperating,quarterlyInterestIncomeNonOperating,quarterlyOperatingIncome,quarterlyOperatingExpense,quarterlyOtherOperatingExpenses,quarterlyOtherTaxes,quarterlyProvisionForDoubtfulAccounts,quarterlyDepreciationAmortizationDepletionIncomeStatement,quarterlyDepletionIncomeStatement,quarterlyDepreciationAndAmortizationInIncomeStatement,quarterlyAmortization,quarterlyAmortizationOfIntangiblesIncomeStatement,quarterlyDepreciationIncomeStatement,quarterlyResearchAndDevelopment,quarterlySellingGeneralAndAdministration,quarterlySellingAndMarketingExpense,quarterlyGeneralAndAdministrativeExpense,quarterlyOtherGandA,quarterlyInsuranceAndClaims,quarterlyRentAndLandingFees,quarterlySalariesAndWages,quarterlyGrossProfit,quarterlyCostOfRevenue,quarterlyTotalRevenue,quarterlyExciseTaxes,quarterlyOperatingRevenue,quarterlyLossAdjustmentExpense,quarterlyNetPolicyholderBenefitsAndClaims,quarterlyPolicyholderBenefitsGross,quarterlyPolicyholderBenefitsCeded,quarterlyOccupancyAndEquipment,quarterlyProfessionalExpenseAndContractServicesExpense,quarterlyOtherNonInterestExpense&period1=1483138800&period2=1727222400&crumb=pUN0xdwtFPE HTTP/11" 200 None
[2024-09-24 15:46][DEBUG] response code=200
[2024-09-24 15:46][DEBUG]  Exiting get()
[2024-09-24 15:46][DEBUG] Exiting _fetch_time_series()
[2024-09-24 15:50][WARNING] Table already up to date, should not happen check api or yahoo finance
[2024-09-24 15:50][WARNING] Table already up to date, should not happen check api or yahoo finance
[2024-09-24 15:50][WARNING] Table already up to date, should not happen check api or yahoo finance
[2024-09-24 16:26][DEBUG] get_raw_json(): https://query2.finance.yahoo.com/v10/finance/quoteSummary/DRI
[2024-09-24 16:26][DEBUG] Entering get()
[2024-09-24 16:26][DEBUG] url=https://query2.finance.yahoo.com/v10/finance/quoteSummary/DRI
[2024-09-24 16:26][DEBUG] params={'modules': 'calendarEvents', 'corsDomain': 'finance.yahoo.com', 'formatted': 'false', 'symbol': 'DRI'}
[2024-09-24 16:26][DEBUG]  Entering _get_cookie_and_crumb()
[2024-09-24 16:26][DEBUG] cookie_mode = 'basic'
[2024-09-24 16:26][DEBUG]   Entering _get_cookie_and_crumb_basic()
[2024-09-24 16:26][DEBUG] reusing cookie
[2024-09-24 16:26][DEBUG] reusing crumb
[2024-09-24 16:26][DEBUG]   Exiting _get_cookie_and_crumb_basic()
[2024-09-24 16:26][DEBUG]  Exiting _get_cookie_and_crumb()
[2024-09-24 16:26][DEBUG] Resetting dropped connection: query2.finance.yahoo.com
[2024-09-24 16:26][DEBUG] https://query2.finance.yahoo.com:443 "GET /v10/finance/quoteSummary/DRI?modules=calendarEvents&corsDomain=finance.yahoo.com&formatted=false&symbol=DRI&crumb=pUN0xdwtFPE HTTP/11" 200 381
[2024-09-24 16:26][DEBUG] response code=200
[2024-09-24 16:26][DEBUG] Exiting get()
[2024-09-24 16:26][DEBUG] get_raw_json(): https://query2.finance.yahoo.com/v10/finance/quoteSummary/FDS
[2024-09-24 16:26][DEBUG] Entering get()
[2024-09-24 16:26][DEBUG] url=https://query2.finance.yahoo.com/v10/finance/quoteSummary/FDS
[2024-09-24 16:26][DEBUG] params={'modules': 'calendarEvents', 'corsDomain': 'finance.yahoo.com', 'formatted': 'false', 'symbol': 'FDS'}
[2024-09-24 16:26][DEBUG]  Entering _get_cookie_and_crumb()
[2024-09-24 16:26][DEBUG] cookie_mode = 'basic'
[2024-09-24 16:26][DEBUG]   Entering _get_cookie_and_crumb_basic()
[2024-09-24 16:26][DEBUG] reusing cookie
[2024-09-24 16:26][DEBUG] reusing crumb
[2024-09-24 16:26][DEBUG]   Exiting _get_cookie_and_crumb_basic()
[2024-09-24 16:26][DEBUG]  Exiting _get_cookie_and_crumb()
[2024-09-24 16:26][DEBUG] https://query2.finance.yahoo.com:443 "GET /v10/finance/quoteSummary/FDS?modules=calendarEvents&corsDomain=finance.yahoo.com&formatted=false&symbol=FDS&crumb=pUN0xdwtFPE HTTP/11" 200 378
[2024-09-24 16:26][DEBUG] response code=200
[2024-09-24 16:26][DEBUG] Exiting get()
[2024-09-24 16:26][DEBUG] get_raw_json(): https://query2.finance.yahoo.com/v10/finance/quoteSummary/FDX
[2024-09-24 16:26][DEBUG] Entering get()
[2024-09-24 16:26][DEBUG] url=https://query2.finance.yahoo.com/v10/finance/quoteSummary/FDX
[2024-09-24 16:26][DEBUG] params={'modules': 'calendarEvents', 'corsDomain': 'finance.yahoo.com', 'formatted': 'false', 'symbol': 'FDX'}
[2024-09-24 16:26][DEBUG]  Entering _get_cookie_and_crumb()
[2024-09-24 16:26][DEBUG] cookie_mode = 'basic'
[2024-09-24 16:26][DEBUG]   Entering _get_cookie_and_crumb_basic()
[2024-09-24 16:26][DEBUG] reusing cookie
[2024-09-24 16:26][DEBUG] reusing crumb
[2024-09-24 16:26][DEBUG]   Exiting _get_cookie_and_crumb_basic()
[2024-09-24 16:26][DEBUG]  Exiting _get_cookie_and_crumb()
[2024-09-24 16:26][DEBUG] https://query2.finance.yahoo.com:443 "GET /v10/finance/quoteSummary/FDX?modules=calendarEvents&corsDomain=finance.yahoo.com&formatted=false&symbol=FDX&crumb=pUN0xdwtFPE HTTP/11" 200 372
[2024-09-24 16:26][DEBUG] response code=200
[2024-09-24 16:26][DEBUG] Exiting get()
[2024-09-24 16:26][DEBUG] get_raw_json(): https://query2.finance.yahoo.com/v10/finance/quoteSummary/GIS
[2024-09-24 16:26][DEBUG] Entering get()
[2024-09-24 16:26][DEBUG] url=https://query2.finance.yahoo.com/v10/finance/quoteSummary/GIS
[2024-09-24 16:26][DEBUG] params={'modules': 'calendarEvents', 'corsDomain': 'finance.yahoo.com', 'formatted': 'false', 'symbol': 'GIS'}
[2024-09-24 16:26][DEBUG]  Entering _get_cookie_and_crumb()
[2024-09-24 16:26][DEBUG] cookie_mode = 'basic'
[2024-09-24 16:26][DEBUG]   Entering _get_cookie_and_crumb_basic()
[2024-09-24 16:26][DEBUG] reusing cookie
[2024-09-24 16:26][DEBUG] reusing crumb
[2024-09-24 16:26][DEBUG]   Exiting _get_cookie_and_crumb_basic()
[2024-09-24 16:26][DEBUG]  Exiting _get_cookie_and_crumb()
[2024-09-24 16:26][DEBUG] https://query2.finance.yahoo.com:443 "GET /v10/finance/quoteSummary/GIS?modules=calendarEvents&corsDomain=finance.yahoo.com&formatted=false&symbol=GIS&crumb=pUN0xdwtFPE HTTP/11" 200 381
[2024-09-24 16:26][DEBUG] response code=200
[2024-09-24 16:26][DEBUG] Exiting get()
[2024-09-24 16:26][DEBUG] get_raw_json(): https://query2.finance.yahoo.com/v10/finance/quoteSummary/LEN
[2024-09-24 16:26][DEBUG] Entering get()
[2024-09-24 16:26][DEBUG] url=https://query2.finance.yahoo.com/v10/finance/quoteSummary/LEN
[2024-09-24 16:26][DEBUG] params={'modules': 'calendarEvents', 'corsDomain': 'finance.yahoo.com', 'formatted': 'false', 'symbol': 'LEN'}
[2024-09-24 16:26][DEBUG]  Entering _get_cookie_and_crumb()
[2024-09-24 16:26][DEBUG] cookie_mode = 'basic'
[2024-09-24 16:26][DEBUG]   Entering _get_cookie_and_crumb_basic()
[2024-09-24 16:26][DEBUG] reusing cookie
[2024-09-24 16:26][DEBUG] reusing crumb
[2024-09-24 16:26][DEBUG]   Exiting _get_cookie_and_crumb_basic()
[2024-09-24 16:26][DEBUG]  Exiting _get_cookie_and_crumb()
[2024-09-24 16:26][DEBUG] https://query2.finance.yahoo.com:443 "GET /v10/finance/quoteSummary/LEN?modules=calendarEvents&corsDomain=finance.yahoo.com&formatted=false&symbol=LEN&crumb=pUN0xdwtFPE HTTP/11" 200 383
[2024-09-24 16:26][DEBUG] response code=200
[2024-09-24 16:26][DEBUG] Exiting get()
[2024-09-24 16:32][DEBUG] get_raw_json(): https://query2.finance.yahoo.com/v10/finance/quoteSummary/FDX
[2024-09-24 16:32][DEBUG] Entering get()
[2024-09-24 16:32][DEBUG] url=https://query2.finance.yahoo.com/v10/finance/quoteSummary/FDX
[2024-09-24 16:32][DEBUG] params={'modules': 'calendarEvents', 'corsDomain': 'finance.yahoo.com', 'formatted': 'false', 'symbol': 'FDX'}
[2024-09-24 16:32][DEBUG]  Entering _get_cookie_and_crumb()
[2024-09-24 16:32][DEBUG] cookie_mode = 'basic'
[2024-09-24 16:32][DEBUG]   Entering _get_cookie_and_crumb_basic()
[2024-09-24 16:32][DEBUG] reusing cookie
[2024-09-24 16:32][DEBUG] reusing crumb
[2024-09-24 16:32][DEBUG]   Exiting _get_cookie_and_crumb_basic()
[2024-09-24 16:32][DEBUG]  Exiting _get_cookie_and_crumb()
[2024-09-24 16:32][DEBUG] Resetting dropped connection: query2.finance.yahoo.com
[2024-09-24 16:32][DEBUG] https://query2.finance.yahoo.com:443 "GET /v10/finance/quoteSummary/FDX?modules=calendarEvents&corsDomain=finance.yahoo.com&formatted=false&symbol=FDX&crumb=pUN0xdwtFPE HTTP/11" 200 372
[2024-09-24 16:32][DEBUG] response code=200
[2024-09-24 16:32][DEBUG] Exiting get()
[2024-09-24 16:32][DEBUG] get_raw_json(): https://query2.finance.yahoo.com/v10/finance/quoteSummary/GIS
[2024-09-24 16:32][DEBUG] Entering get()
[2024-09-24 16:32][DEBUG] url=https://query2.finance.yahoo.com/v10/finance/quoteSummary/GIS
[2024-09-24 16:32][DEBUG] params={'modules': 'calendarEvents', 'corsDomain': 'finance.yahoo.com', 'formatted': 'false', 'symbol': 'GIS'}
[2024-09-24 16:32][DEBUG]  Entering _get_cookie_and_crumb()
[2024-09-24 16:32][DEBUG] cookie_mode = 'basic'
[2024-09-24 16:32][DEBUG]   Entering _get_cookie_and_crumb_basic()
[2024-09-24 16:32][DEBUG] reusing cookie
[2024-09-24 16:32][DEBUG] reusing crumb
[2024-09-24 16:32][DEBUG]   Exiting _get_cookie_and_crumb_basic()
[2024-09-24 16:32][DEBUG]  Exiting _get_cookie_and_crumb()
[2024-09-24 16:32][DEBUG] https://query2.finance.yahoo.com:443 "GET /v10/finance/quoteSummary/GIS?modules=calendarEvents&corsDomain=finance.yahoo.com&formatted=false&symbol=GIS&crumb=pUN0xdwtFPE HTTP/11" 200 381
[2024-09-24 16:32][DEBUG] response code=200
[2024-09-24 16:32][DEBUG] Exiting get()
