[2024-09-24 18:51][ERROR] unable to open database file
Traceback (most recent call last):
  File "c:\Users\serig\OneDrive\vikrigt\skola\fördj python\ds23_f-rdjupad_python-main\kunskapskontroll_2\access_db.py", line 31, in __init__
    self.conn = sqlite3.connect(path+db+mode, uri=True)
                ^^^^^^^^^^^^^^^^^^^^^^^^^^^^^^^^^^^^^^^
sqlite3.OperationalError: unable to open database file
[2024-09-24 18:51][WARNING] give database doesn't exist, check path
[2024-09-24 18:53][ERROR] unable to open database file
Traceback (most recent call last):
  File "c:\Users\serig\OneDrive\vikrigt\skola\fördj python\ds23_f-rdjupad_python-main\kunskapskontroll_2\access_db.py", line 31, in __init__
    self.conn = sqlite3.connect(path+db+mode, uri=True)
                ^^^^^^^^^^^^^^^^^^^^^^^^^^^^^^^^^^^^^^^
sqlite3.OperationalError: unable to open database file
[2024-09-24 18:53][WARNING] give database doesn't exist, check path
[2024-09-24 18:57][DEBUG] Entering _fetch_time_series()
[2024-09-24 18:57][DEBUG]  Entering get()
[2024-09-24 18:57][DEBUG] url=https://query2.finance.yahoo.com/ws/fundamentals-timeseries/v1/finance/timeseries/DRI?symbol=DRI&type=quarterlyTaxEffectOfUnusualItems,quarterlyTaxRateForCalcs,quarterlyNormalizedEBITDA,quarterlyNorma...
[2024-09-24 18:57][DEBUG] params=None
[2024-09-24 18:57][DEBUG]   Entering _get_cookie_and_crumb()
[2024-09-24 18:57][DEBUG] cookie_mode = 'basic'
[2024-09-24 18:57][DEBUG]    Entering _get_cookie_and_crumb_basic()
[2024-09-24 18:57][DEBUG] ('CREATE TABLE IF NOT EXISTS "_cookieschema" ("strategy" VARCHAR(255) NOT NULL PRIMARY KEY, "fetch_date" DATETIME NOT NULL, "cookie_bytes" BLOB NOT NULL) WITHOUT ROWID', [])
[2024-09-24 18:57][DEBUG] ('SELECT "t1"."strategy", "t1"."fetch_date", "t1"."cookie_bytes" FROM "_cookieschema" AS "t1" WHERE ("t1"."strategy" = ?) LIMIT ? OFFSET ?', ['basic', 1, 0])
[2024-09-24 18:57][DEBUG] loaded persistent cookie
[2024-09-24 18:57][DEBUG] reusing cookie
[2024-09-24 18:57][DEBUG] Starting new HTTPS connection (1): query1.finance.yahoo.com:443
[2024-09-24 18:57][DEBUG] https://query1.finance.yahoo.com:443 "GET /v1/test/getcrumb HTTP/11" 200 11
[2024-09-24 18:57][DEBUG] crumb = 'pUN0xdwtFPE'
[2024-09-24 18:57][DEBUG]    Exiting _get_cookie_and_crumb_basic()
[2024-09-24 18:57][DEBUG]   Exiting _get_cookie_and_crumb()
[2024-09-24 18:57][DEBUG] Starting new HTTPS connection (1): query2.finance.yahoo.com:443
[2024-09-24 18:57][DEBUG] https://query2.finance.yahoo.com:443 "GET /ws/fundamentals-timeseries/v1/finance/timeseries/DRI?symbol=DRI&type=quarterlyTaxEffectOfUnusualItems,quarterlyTaxRateForCalcs,quarterlyNormalizedEBITDA,quarterlyNormalizedDilutedEPS,quarterlyNormalizedBasicEPS,quarterlyTotalUnusualItems,quarterlyTotalUnusualItemsExcludingGoodwill,quarterlyNetIncomeFromContinuingOperationNetMinorityInterest,quarterlyReconciledDepreciation,quarterlyReconciledCostOfRevenue,quarterlyEBITDA,quarterlyEBIT,quarterlyNetInterestIncome,quarterlyInterestExpense,quarterlyInterestIncome,quarterlyContinuingAndDiscontinuedDilutedEPS,quarterlyContinuingAndDiscontinuedBasicEPS,quarterlyNormalizedIncome,quarterlyNetIncomeFromContinuingAndDiscontinuedOperation,quarterlyTotalExpenses,quarterlyRentExpenseSupplemental,quarterlyReportedNormalizedDilutedEPS,quarterlyReportedNormalizedBasicEPS,quarterlyTotalOperatingIncomeAsReported,quarterlyDividendPerShare,quarterlyDilutedAverageShares,quarterlyBasicAverageShares,quarterlyDilutedEPS,quarterlyDilutedEPSOtherGainsLosses,quarterlyTaxLossCarryforwardDilutedEPS,quarterlyDilutedAccountingChange,quarterlyDilutedExtraordinary,quarterlyDilutedDiscontinuousOperations,quarterlyDilutedContinuousOperations,quarterlyBasicEPS,quarterlyBasicEPSOtherGainsLosses,quarterlyTaxLossCarryforwardBasicEPS,quarterlyBasicAccountingChange,quarterlyBasicExtraordinary,quarterlyBasicDiscontinuousOperations,quarterlyBasicContinuousOperations,quarterlyDilutedNIAvailtoComStockholders,quarterlyAverageDilutionEarnings,quarterlyNetIncomeCommonStockholders,quarterlyOtherunderPreferredStockDividend,quarterlyPreferredStockDividends,quarterlyNetIncome,quarterlyMinorityInterests,quarterlyNetIncomeIncludingNoncontrollingInterests,quarterlyNetIncomeFromTaxLossCarryforward,quarterlyNetIncomeExtraordinary,quarterlyNetIncomeDiscontinuousOperations,quarterlyNetIncomeContinuousOperations,quarterlyEarningsFromEquityInterestNetOfTax,quarterlyTaxProvision,quarterlyPretaxIncome,quarterlyOtherIncomeExpense,quarterlyOtherNonOperatingIncomeExpenses,quarterlySpecialIncomeCharges,quarterlyGainOnSaleOfPPE,quarterlyGainOnSaleOfBusiness,quarterlyOtherSpecialCharges,quarterlyWriteOff,quarterlyImpairmentOfCapitalAssets,quarterlyRestructuringAndMergernAcquisition,quarterlySecuritiesAmortization,quarterlyEarningsFromEquityInterest,quarterlyGainOnSaleOfSecurity,quarterlyNetNonOperatingInterestIncomeExpense,quarterlyTotalOtherFinanceCost,quarterlyInterestExpenseNonOperating,quarterlyInterestIncomeNonOperating,quarterlyOperatingIncome,quarterlyOperatingExpense,quarterlyOtherOperatingExpenses,quarterlyOtherTaxes,quarterlyProvisionForDoubtfulAccounts,quarterlyDepreciationAmortizationDepletionIncomeStatement,quarterlyDepletionIncomeStatement,quarterlyDepreciationAndAmortizationInIncomeStatement,quarterlyAmortization,quarterlyAmortizationOfIntangiblesIncomeStatement,quarterlyDepreciationIncomeStatement,quarterlyResearchAndDevelopment,quarterlySellingGeneralAndAdministration,quarterlySellingAndMarketingExpense,quarterlyGeneralAndAdministrativeExpense,quarterlyOtherGandA,quarterlyInsuranceAndClaims,quarterlyRentAndLandingFees,quarterlySalariesAndWages,quarterlyGrossProfit,quarterlyCostOfRevenue,quarterlyTotalRevenue,quarterlyExciseTaxes,quarterlyOperatingRevenue,quarterlyLossAdjustmentExpense,quarterlyNetPolicyholderBenefitsAndClaims,quarterlyPolicyholderBenefitsGross,quarterlyPolicyholderBenefitsCeded,quarterlyOccupancyAndEquipment,quarterlyProfessionalExpenseAndContractServicesExpense,quarterlyOtherNonInterestExpense&period1=1483138800&period2=1727222400&crumb=pUN0xdwtFPE HTTP/11" 200 None
[2024-09-24 18:57][DEBUG] response code=200
[2024-09-24 18:57][DEBUG]  Exiting get()
[2024-09-24 18:57][DEBUG] Exiting _fetch_time_series()
[2024-09-24 18:57][DEBUG] Entering _fetch_time_series()
[2024-09-24 18:57][DEBUG]  Entering get()
[2024-09-24 18:57][DEBUG] url=https://query2.finance.yahoo.com/ws/fundamentals-timeseries/v1/finance/timeseries/FDS?symbol=FDS&type=quarterlyTaxEffectOfUnusualItems,quarterlyTaxRateForCalcs,quarterlyNormalizedEBITDA,quarterlyNorma...
[2024-09-24 18:57][DEBUG] params=None
[2024-09-24 18:57][DEBUG]   Entering _get_cookie_and_crumb()
[2024-09-24 18:57][DEBUG] cookie_mode = 'basic'
[2024-09-24 18:57][DEBUG]    Entering _get_cookie_and_crumb_basic()
[2024-09-24 18:57][DEBUG] reusing cookie
[2024-09-24 18:57][DEBUG] reusing crumb
[2024-09-24 18:57][DEBUG]    Exiting _get_cookie_and_crumb_basic()
[2024-09-24 18:57][DEBUG]   Exiting _get_cookie_and_crumb()
[2024-09-24 18:57][DEBUG] https://query2.finance.yahoo.com:443 "GET /ws/fundamentals-timeseries/v1/finance/timeseries/FDS?symbol=FDS&type=quarterlyTaxEffectOfUnusualItems,quarterlyTaxRateForCalcs,quarterlyNormalizedEBITDA,quarterlyNormalizedDilutedEPS,quarterlyNormalizedBasicEPS,quarterlyTotalUnusualItems,quarterlyTotalUnusualItemsExcludingGoodwill,quarterlyNetIncomeFromContinuingOperationNetMinorityInterest,quarterlyReconciledDepreciation,quarterlyReconciledCostOfRevenue,quarterlyEBITDA,quarterlyEBIT,quarterlyNetInterestIncome,quarterlyInterestExpense,quarterlyInterestIncome,quarterlyContinuingAndDiscontinuedDilutedEPS,quarterlyContinuingAndDiscontinuedBasicEPS,quarterlyNormalizedIncome,quarterlyNetIncomeFromContinuingAndDiscontinuedOperation,quarterlyTotalExpenses,quarterlyRentExpenseSupplemental,quarterlyReportedNormalizedDilutedEPS,quarterlyReportedNormalizedBasicEPS,quarterlyTotalOperatingIncomeAsReported,quarterlyDividendPerShare,quarterlyDilutedAverageShares,quarterlyBasicAverageShares,quarterlyDilutedEPS,quarterlyDilutedEPSOtherGainsLosses,quarterlyTaxLossCarryforwardDilutedEPS,quarterlyDilutedAccountingChange,quarterlyDilutedExtraordinary,quarterlyDilutedDiscontinuousOperations,quarterlyDilutedContinuousOperations,quarterlyBasicEPS,quarterlyBasicEPSOtherGainsLosses,quarterlyTaxLossCarryforwardBasicEPS,quarterlyBasicAccountingChange,quarterlyBasicExtraordinary,quarterlyBasicDiscontinuousOperations,quarterlyBasicContinuousOperations,quarterlyDilutedNIAvailtoComStockholders,quarterlyAverageDilutionEarnings,quarterlyNetIncomeCommonStockholders,quarterlyOtherunderPreferredStockDividend,quarterlyPreferredStockDividends,quarterlyNetIncome,quarterlyMinorityInterests,quarterlyNetIncomeIncludingNoncontrollingInterests,quarterlyNetIncomeFromTaxLossCarryforward,quarterlyNetIncomeExtraordinary,quarterlyNetIncomeDiscontinuousOperations,quarterlyNetIncomeContinuousOperations,quarterlyEarningsFromEquityInterestNetOfTax,quarterlyTaxProvision,quarterlyPretaxIncome,quarterlyOtherIncomeExpense,quarterlyOtherNonOperatingIncomeExpenses,quarterlySpecialIncomeCharges,quarterlyGainOnSaleOfPPE,quarterlyGainOnSaleOfBusiness,quarterlyOtherSpecialCharges,quarterlyWriteOff,quarterlyImpairmentOfCapitalAssets,quarterlyRestructuringAndMergernAcquisition,quarterlySecuritiesAmortization,quarterlyEarningsFromEquityInterest,quarterlyGainOnSaleOfSecurity,quarterlyNetNonOperatingInterestIncomeExpense,quarterlyTotalOtherFinanceCost,quarterlyInterestExpenseNonOperating,quarterlyInterestIncomeNonOperating,quarterlyOperatingIncome,quarterlyOperatingExpense,quarterlyOtherOperatingExpenses,quarterlyOtherTaxes,quarterlyProvisionForDoubtfulAccounts,quarterlyDepreciationAmortizationDepletionIncomeStatement,quarterlyDepletionIncomeStatement,quarterlyDepreciationAndAmortizationInIncomeStatement,quarterlyAmortization,quarterlyAmortizationOfIntangiblesIncomeStatement,quarterlyDepreciationIncomeStatement,quarterlyResearchAndDevelopment,quarterlySellingGeneralAndAdministration,quarterlySellingAndMarketingExpense,quarterlyGeneralAndAdministrativeExpense,quarterlyOtherGandA,quarterlyInsuranceAndClaims,quarterlyRentAndLandingFees,quarterlySalariesAndWages,quarterlyGrossProfit,quarterlyCostOfRevenue,quarterlyTotalRevenue,quarterlyExciseTaxes,quarterlyOperatingRevenue,quarterlyLossAdjustmentExpense,quarterlyNetPolicyholderBenefitsAndClaims,quarterlyPolicyholderBenefitsGross,quarterlyPolicyholderBenefitsCeded,quarterlyOccupancyAndEquipment,quarterlyProfessionalExpenseAndContractServicesExpense,quarterlyOtherNonInterestExpense&period1=1483138800&period2=1727222400&crumb=pUN0xdwtFPE HTTP/11" 200 None
[2024-09-24 18:57][DEBUG] response code=200
[2024-09-24 18:57][DEBUG]  Exiting get()
[2024-09-24 18:57][DEBUG] Exiting _fetch_time_series()
[2024-09-24 18:57][DEBUG] Entering _fetch_time_series()
[2024-09-24 18:57][DEBUG]  Entering get()
[2024-09-24 18:57][DEBUG] url=https://query2.finance.yahoo.com/ws/fundamentals-timeseries/v1/finance/timeseries/LEN?symbol=LEN&type=quarterlyTaxEffectOfUnusualItems,quarterlyTaxRateForCalcs,quarterlyNormalizedEBITDA,quarterlyNorma...
[2024-09-24 18:57][DEBUG] params=None
[2024-09-24 18:57][DEBUG]   Entering _get_cookie_and_crumb()
[2024-09-24 18:57][DEBUG] cookie_mode = 'basic'
[2024-09-24 18:57][DEBUG]    Entering _get_cookie_and_crumb_basic()
[2024-09-24 18:57][DEBUG] reusing cookie
[2024-09-24 18:57][DEBUG] reusing crumb
[2024-09-24 18:57][DEBUG]    Exiting _get_cookie_and_crumb_basic()
[2024-09-24 18:57][DEBUG]   Exiting _get_cookie_and_crumb()
[2024-09-24 18:57][DEBUG] https://query2.finance.yahoo.com:443 "GET /ws/fundamentals-timeseries/v1/finance/timeseries/LEN?symbol=LEN&type=quarterlyTaxEffectOfUnusualItems,quarterlyTaxRateForCalcs,quarterlyNormalizedEBITDA,quarterlyNormalizedDilutedEPS,quarterlyNormalizedBasicEPS,quarterlyTotalUnusualItems,quarterlyTotalUnusualItemsExcludingGoodwill,quarterlyNetIncomeFromContinuingOperationNetMinorityInterest,quarterlyReconciledDepreciation,quarterlyReconciledCostOfRevenue,quarterlyEBITDA,quarterlyEBIT,quarterlyNetInterestIncome,quarterlyInterestExpense,quarterlyInterestIncome,quarterlyContinuingAndDiscontinuedDilutedEPS,quarterlyContinuingAndDiscontinuedBasicEPS,quarterlyNormalizedIncome,quarterlyNetIncomeFromContinuingAndDiscontinuedOperation,quarterlyTotalExpenses,quarterlyRentExpenseSupplemental,quarterlyReportedNormalizedDilutedEPS,quarterlyReportedNormalizedBasicEPS,quarterlyTotalOperatingIncomeAsReported,quarterlyDividendPerShare,quarterlyDilutedAverageShares,quarterlyBasicAverageShares,quarterlyDilutedEPS,quarterlyDilutedEPSOtherGainsLosses,quarterlyTaxLossCarryforwardDilutedEPS,quarterlyDilutedAccountingChange,quarterlyDilutedExtraordinary,quarterlyDilutedDiscontinuousOperations,quarterlyDilutedContinuousOperations,quarterlyBasicEPS,quarterlyBasicEPSOtherGainsLosses,quarterlyTaxLossCarryforwardBasicEPS,quarterlyBasicAccountingChange,quarterlyBasicExtraordinary,quarterlyBasicDiscontinuousOperations,quarterlyBasicContinuousOperations,quarterlyDilutedNIAvailtoComStockholders,quarterlyAverageDilutionEarnings,quarterlyNetIncomeCommonStockholders,quarterlyOtherunderPreferredStockDividend,quarterlyPreferredStockDividends,quarterlyNetIncome,quarterlyMinorityInterests,quarterlyNetIncomeIncludingNoncontrollingInterests,quarterlyNetIncomeFromTaxLossCarryforward,quarterlyNetIncomeExtraordinary,quarterlyNetIncomeDiscontinuousOperations,quarterlyNetIncomeContinuousOperations,quarterlyEarningsFromEquityInterestNetOfTax,quarterlyTaxProvision,quarterlyPretaxIncome,quarterlyOtherIncomeExpense,quarterlyOtherNonOperatingIncomeExpenses,quarterlySpecialIncomeCharges,quarterlyGainOnSaleOfPPE,quarterlyGainOnSaleOfBusiness,quarterlyOtherSpecialCharges,quarterlyWriteOff,quarterlyImpairmentOfCapitalAssets,quarterlyRestructuringAndMergernAcquisition,quarterlySecuritiesAmortization,quarterlyEarningsFromEquityInterest,quarterlyGainOnSaleOfSecurity,quarterlyNetNonOperatingInterestIncomeExpense,quarterlyTotalOtherFinanceCost,quarterlyInterestExpenseNonOperating,quarterlyInterestIncomeNonOperating,quarterlyOperatingIncome,quarterlyOperatingExpense,quarterlyOtherOperatingExpenses,quarterlyOtherTaxes,quarterlyProvisionForDoubtfulAccounts,quarterlyDepreciationAmortizationDepletionIncomeStatement,quarterlyDepletionIncomeStatement,quarterlyDepreciationAndAmortizationInIncomeStatement,quarterlyAmortization,quarterlyAmortizationOfIntangiblesIncomeStatement,quarterlyDepreciationIncomeStatement,quarterlyResearchAndDevelopment,quarterlySellingGeneralAndAdministration,quarterlySellingAndMarketingExpense,quarterlyGeneralAndAdministrativeExpense,quarterlyOtherGandA,quarterlyInsuranceAndClaims,quarterlyRentAndLandingFees,quarterlySalariesAndWages,quarterlyGrossProfit,quarterlyCostOfRevenue,quarterlyTotalRevenue,quarterlyExciseTaxes,quarterlyOperatingRevenue,quarterlyLossAdjustmentExpense,quarterlyNetPolicyholderBenefitsAndClaims,quarterlyPolicyholderBenefitsGross,quarterlyPolicyholderBenefitsCeded,quarterlyOccupancyAndEquipment,quarterlyProfessionalExpenseAndContractServicesExpense,quarterlyOtherNonInterestExpense&period1=1483138800&period2=1727222400&crumb=pUN0xdwtFPE HTTP/11" 200 None
[2024-09-24 18:57][DEBUG] response code=200
[2024-09-24 18:57][DEBUG]  Exiting get()
[2024-09-24 18:57][DEBUG] Exiting _fetch_time_series()
[2024-09-24 18:57][WARNING] Table already up to date, should not happen check api or yahoo finance
[2024-09-24 18:57][WARNING] Table already up to date, should not happen check api or yahoo finance
[2024-09-24 18:57][WARNING] Table already up to date, should not happen check api or yahoo finance
[2024-09-24 19:19][DEBUG] Entering _fetch_time_series()
[2024-09-24 19:19][DEBUG]  Entering get()
[2024-09-24 19:19][DEBUG] url=https://query2.finance.yahoo.com/ws/fundamentals-timeseries/v1/finance/timeseries/DRI?symbol=DRI&type=quarterlyTaxEffectOfUnusualItems,quarterlyTaxRateForCalcs,quarterlyNormalizedEBITDA,quarterlyNorma...
[2024-09-24 19:19][DEBUG] params=None
[2024-09-24 19:19][DEBUG]   Entering _get_cookie_and_crumb()
[2024-09-24 19:19][DEBUG] cookie_mode = 'basic'
[2024-09-24 19:19][DEBUG]    Entering _get_cookie_and_crumb_basic()
[2024-09-24 19:19][DEBUG] ('CREATE TABLE IF NOT EXISTS "_cookieschema" ("strategy" VARCHAR(255) NOT NULL PRIMARY KEY, "fetch_date" DATETIME NOT NULL, "cookie_bytes" BLOB NOT NULL) WITHOUT ROWID', [])
[2024-09-24 19:19][DEBUG] ('SELECT "t1"."strategy", "t1"."fetch_date", "t1"."cookie_bytes" FROM "_cookieschema" AS "t1" WHERE ("t1"."strategy" = ?) LIMIT ? OFFSET ?', ['basic', 1, 0])
[2024-09-24 19:19][DEBUG] loaded persistent cookie
[2024-09-24 19:19][DEBUG] reusing cookie
[2024-09-24 19:19][DEBUG] Starting new HTTPS connection (1): query1.finance.yahoo.com:443
[2024-09-24 19:19][DEBUG] https://query1.finance.yahoo.com:443 "GET /v1/test/getcrumb HTTP/11" 200 11
[2024-09-24 19:19][DEBUG] crumb = 'pUN0xdwtFPE'
[2024-09-24 19:19][DEBUG]    Exiting _get_cookie_and_crumb_basic()
[2024-09-24 19:19][DEBUG]   Exiting _get_cookie_and_crumb()
[2024-09-24 19:19][DEBUG] Starting new HTTPS connection (1): query2.finance.yahoo.com:443
[2024-09-24 19:19][DEBUG] https://query2.finance.yahoo.com:443 "GET /ws/fundamentals-timeseries/v1/finance/timeseries/DRI?symbol=DRI&type=quarterlyTaxEffectOfUnusualItems,quarterlyTaxRateForCalcs,quarterlyNormalizedEBITDA,quarterlyNormalizedDilutedEPS,quarterlyNormalizedBasicEPS,quarterlyTotalUnusualItems,quarterlyTotalUnusualItemsExcludingGoodwill,quarterlyNetIncomeFromContinuingOperationNetMinorityInterest,quarterlyReconciledDepreciation,quarterlyReconciledCostOfRevenue,quarterlyEBITDA,quarterlyEBIT,quarterlyNetInterestIncome,quarterlyInterestExpense,quarterlyInterestIncome,quarterlyContinuingAndDiscontinuedDilutedEPS,quarterlyContinuingAndDiscontinuedBasicEPS,quarterlyNormalizedIncome,quarterlyNetIncomeFromContinuingAndDiscontinuedOperation,quarterlyTotalExpenses,quarterlyRentExpenseSupplemental,quarterlyReportedNormalizedDilutedEPS,quarterlyReportedNormalizedBasicEPS,quarterlyTotalOperatingIncomeAsReported,quarterlyDividendPerShare,quarterlyDilutedAverageShares,quarterlyBasicAverageShares,quarterlyDilutedEPS,quarterlyDilutedEPSOtherGainsLosses,quarterlyTaxLossCarryforwardDilutedEPS,quarterlyDilutedAccountingChange,quarterlyDilutedExtraordinary,quarterlyDilutedDiscontinuousOperations,quarterlyDilutedContinuousOperations,quarterlyBasicEPS,quarterlyBasicEPSOtherGainsLosses,quarterlyTaxLossCarryforwardBasicEPS,quarterlyBasicAccountingChange,quarterlyBasicExtraordinary,quarterlyBasicDiscontinuousOperations,quarterlyBasicContinuousOperations,quarterlyDilutedNIAvailtoComStockholders,quarterlyAverageDilutionEarnings,quarterlyNetIncomeCommonStockholders,quarterlyOtherunderPreferredStockDividend,quarterlyPreferredStockDividends,quarterlyNetIncome,quarterlyMinorityInterests,quarterlyNetIncomeIncludingNoncontrollingInterests,quarterlyNetIncomeFromTaxLossCarryforward,quarterlyNetIncomeExtraordinary,quarterlyNetIncomeDiscontinuousOperations,quarterlyNetIncomeContinuousOperations,quarterlyEarningsFromEquityInterestNetOfTax,quarterlyTaxProvision,quarterlyPretaxIncome,quarterlyOtherIncomeExpense,quarterlyOtherNonOperatingIncomeExpenses,quarterlySpecialIncomeCharges,quarterlyGainOnSaleOfPPE,quarterlyGainOnSaleOfBusiness,quarterlyOtherSpecialCharges,quarterlyWriteOff,quarterlyImpairmentOfCapitalAssets,quarterlyRestructuringAndMergernAcquisition,quarterlySecuritiesAmortization,quarterlyEarningsFromEquityInterest,quarterlyGainOnSaleOfSecurity,quarterlyNetNonOperatingInterestIncomeExpense,quarterlyTotalOtherFinanceCost,quarterlyInterestExpenseNonOperating,quarterlyInterestIncomeNonOperating,quarterlyOperatingIncome,quarterlyOperatingExpense,quarterlyOtherOperatingExpenses,quarterlyOtherTaxes,quarterlyProvisionForDoubtfulAccounts,quarterlyDepreciationAmortizationDepletionIncomeStatement,quarterlyDepletionIncomeStatement,quarterlyDepreciationAndAmortizationInIncomeStatement,quarterlyAmortization,quarterlyAmortizationOfIntangiblesIncomeStatement,quarterlyDepreciationIncomeStatement,quarterlyResearchAndDevelopment,quarterlySellingGeneralAndAdministration,quarterlySellingAndMarketingExpense,quarterlyGeneralAndAdministrativeExpense,quarterlyOtherGandA,quarterlyInsuranceAndClaims,quarterlyRentAndLandingFees,quarterlySalariesAndWages,quarterlyGrossProfit,quarterlyCostOfRevenue,quarterlyTotalRevenue,quarterlyExciseTaxes,quarterlyOperatingRevenue,quarterlyLossAdjustmentExpense,quarterlyNetPolicyholderBenefitsAndClaims,quarterlyPolicyholderBenefitsGross,quarterlyPolicyholderBenefitsCeded,quarterlyOccupancyAndEquipment,quarterlyProfessionalExpenseAndContractServicesExpense,quarterlyOtherNonInterestExpense&period1=1483138800&period2=1727222400&crumb=pUN0xdwtFPE HTTP/11" 200 None
[2024-09-24 19:19][DEBUG] response code=200
[2024-09-24 19:19][DEBUG]  Exiting get()
[2024-09-24 19:19][DEBUG] Exiting _fetch_time_series()
[2024-09-24 19:19][DEBUG] Entering _fetch_time_series()
[2024-09-24 19:19][DEBUG]  Entering get()
[2024-09-24 19:19][DEBUG] url=https://query2.finance.yahoo.com/ws/fundamentals-timeseries/v1/finance/timeseries/FDS?symbol=FDS&type=quarterlyTaxEffectOfUnusualItems,quarterlyTaxRateForCalcs,quarterlyNormalizedEBITDA,quarterlyNorma...
[2024-09-24 19:19][DEBUG] params=None
[2024-09-24 19:19][DEBUG]   Entering _get_cookie_and_crumb()
[2024-09-24 19:19][DEBUG] cookie_mode = 'basic'
[2024-09-24 19:19][DEBUG]    Entering _get_cookie_and_crumb_basic()
[2024-09-24 19:19][DEBUG] reusing cookie
[2024-09-24 19:19][DEBUG] reusing crumb
[2024-09-24 19:19][DEBUG]    Exiting _get_cookie_and_crumb_basic()
[2024-09-24 19:19][DEBUG]   Exiting _get_cookie_and_crumb()
[2024-09-24 19:19][DEBUG] https://query2.finance.yahoo.com:443 "GET /ws/fundamentals-timeseries/v1/finance/timeseries/FDS?symbol=FDS&type=quarterlyTaxEffectOfUnusualItems,quarterlyTaxRateForCalcs,quarterlyNormalizedEBITDA,quarterlyNormalizedDilutedEPS,quarterlyNormalizedBasicEPS,quarterlyTotalUnusualItems,quarterlyTotalUnusualItemsExcludingGoodwill,quarterlyNetIncomeFromContinuingOperationNetMinorityInterest,quarterlyReconciledDepreciation,quarterlyReconciledCostOfRevenue,quarterlyEBITDA,quarterlyEBIT,quarterlyNetInterestIncome,quarterlyInterestExpense,quarterlyInterestIncome,quarterlyContinuingAndDiscontinuedDilutedEPS,quarterlyContinuingAndDiscontinuedBasicEPS,quarterlyNormalizedIncome,quarterlyNetIncomeFromContinuingAndDiscontinuedOperation,quarterlyTotalExpenses,quarterlyRentExpenseSupplemental,quarterlyReportedNormalizedDilutedEPS,quarterlyReportedNormalizedBasicEPS,quarterlyTotalOperatingIncomeAsReported,quarterlyDividendPerShare,quarterlyDilutedAverageShares,quarterlyBasicAverageShares,quarterlyDilutedEPS,quarterlyDilutedEPSOtherGainsLosses,quarterlyTaxLossCarryforwardDilutedEPS,quarterlyDilutedAccountingChange,quarterlyDilutedExtraordinary,quarterlyDilutedDiscontinuousOperations,quarterlyDilutedContinuousOperations,quarterlyBasicEPS,quarterlyBasicEPSOtherGainsLosses,quarterlyTaxLossCarryforwardBasicEPS,quarterlyBasicAccountingChange,quarterlyBasicExtraordinary,quarterlyBasicDiscontinuousOperations,quarterlyBasicContinuousOperations,quarterlyDilutedNIAvailtoComStockholders,quarterlyAverageDilutionEarnings,quarterlyNetIncomeCommonStockholders,quarterlyOtherunderPreferredStockDividend,quarterlyPreferredStockDividends,quarterlyNetIncome,quarterlyMinorityInterests,quarterlyNetIncomeIncludingNoncontrollingInterests,quarterlyNetIncomeFromTaxLossCarryforward,quarterlyNetIncomeExtraordinary,quarterlyNetIncomeDiscontinuousOperations,quarterlyNetIncomeContinuousOperations,quarterlyEarningsFromEquityInterestNetOfTax,quarterlyTaxProvision,quarterlyPretaxIncome,quarterlyOtherIncomeExpense,quarterlyOtherNonOperatingIncomeExpenses,quarterlySpecialIncomeCharges,quarterlyGainOnSaleOfPPE,quarterlyGainOnSaleOfBusiness,quarterlyOtherSpecialCharges,quarterlyWriteOff,quarterlyImpairmentOfCapitalAssets,quarterlyRestructuringAndMergernAcquisition,quarterlySecuritiesAmortization,quarterlyEarningsFromEquityInterest,quarterlyGainOnSaleOfSecurity,quarterlyNetNonOperatingInterestIncomeExpense,quarterlyTotalOtherFinanceCost,quarterlyInterestExpenseNonOperating,quarterlyInterestIncomeNonOperating,quarterlyOperatingIncome,quarterlyOperatingExpense,quarterlyOtherOperatingExpenses,quarterlyOtherTaxes,quarterlyProvisionForDoubtfulAccounts,quarterlyDepreciationAmortizationDepletionIncomeStatement,quarterlyDepletionIncomeStatement,quarterlyDepreciationAndAmortizationInIncomeStatement,quarterlyAmortization,quarterlyAmortizationOfIntangiblesIncomeStatement,quarterlyDepreciationIncomeStatement,quarterlyResearchAndDevelopment,quarterlySellingGeneralAndAdministration,quarterlySellingAndMarketingExpense,quarterlyGeneralAndAdministrativeExpense,quarterlyOtherGandA,quarterlyInsuranceAndClaims,quarterlyRentAndLandingFees,quarterlySalariesAndWages,quarterlyGrossProfit,quarterlyCostOfRevenue,quarterlyTotalRevenue,quarterlyExciseTaxes,quarterlyOperatingRevenue,quarterlyLossAdjustmentExpense,quarterlyNetPolicyholderBenefitsAndClaims,quarterlyPolicyholderBenefitsGross,quarterlyPolicyholderBenefitsCeded,quarterlyOccupancyAndEquipment,quarterlyProfessionalExpenseAndContractServicesExpense,quarterlyOtherNonInterestExpense&period1=1483138800&period2=1727222400&crumb=pUN0xdwtFPE HTTP/11" 200 None
[2024-09-24 19:19][DEBUG] response code=200
[2024-09-24 19:19][DEBUG]  Exiting get()
[2024-09-24 19:19][DEBUG] Exiting _fetch_time_series()
[2024-09-24 19:19][DEBUG] Entering _fetch_time_series()
[2024-09-24 19:19][DEBUG]  Entering get()
[2024-09-24 19:19][DEBUG] url=https://query2.finance.yahoo.com/ws/fundamentals-timeseries/v1/finance/timeseries/LEN?symbol=LEN&type=quarterlyTaxEffectOfUnusualItems,quarterlyTaxRateForCalcs,quarterlyNormalizedEBITDA,quarterlyNorma...
[2024-09-24 19:19][DEBUG] params=None
[2024-09-24 19:19][DEBUG]   Entering _get_cookie_and_crumb()
[2024-09-24 19:19][DEBUG] cookie_mode = 'basic'
[2024-09-24 19:19][DEBUG]    Entering _get_cookie_and_crumb_basic()
[2024-09-24 19:19][DEBUG] reusing cookie
[2024-09-24 19:19][DEBUG] reusing crumb
[2024-09-24 19:19][DEBUG]    Exiting _get_cookie_and_crumb_basic()
[2024-09-24 19:19][DEBUG]   Exiting _get_cookie_and_crumb()
[2024-09-24 19:19][DEBUG] https://query2.finance.yahoo.com:443 "GET /ws/fundamentals-timeseries/v1/finance/timeseries/LEN?symbol=LEN&type=quarterlyTaxEffectOfUnusualItems,quarterlyTaxRateForCalcs,quarterlyNormalizedEBITDA,quarterlyNormalizedDilutedEPS,quarterlyNormalizedBasicEPS,quarterlyTotalUnusualItems,quarterlyTotalUnusualItemsExcludingGoodwill,quarterlyNetIncomeFromContinuingOperationNetMinorityInterest,quarterlyReconciledDepreciation,quarterlyReconciledCostOfRevenue,quarterlyEBITDA,quarterlyEBIT,quarterlyNetInterestIncome,quarterlyInterestExpense,quarterlyInterestIncome,quarterlyContinuingAndDiscontinuedDilutedEPS,quarterlyContinuingAndDiscontinuedBasicEPS,quarterlyNormalizedIncome,quarterlyNetIncomeFromContinuingAndDiscontinuedOperation,quarterlyTotalExpenses,quarterlyRentExpenseSupplemental,quarterlyReportedNormalizedDilutedEPS,quarterlyReportedNormalizedBasicEPS,quarterlyTotalOperatingIncomeAsReported,quarterlyDividendPerShare,quarterlyDilutedAverageShares,quarterlyBasicAverageShares,quarterlyDilutedEPS,quarterlyDilutedEPSOtherGainsLosses,quarterlyTaxLossCarryforwardDilutedEPS,quarterlyDilutedAccountingChange,quarterlyDilutedExtraordinary,quarterlyDilutedDiscontinuousOperations,quarterlyDilutedContinuousOperations,quarterlyBasicEPS,quarterlyBasicEPSOtherGainsLosses,quarterlyTaxLossCarryforwardBasicEPS,quarterlyBasicAccountingChange,quarterlyBasicExtraordinary,quarterlyBasicDiscontinuousOperations,quarterlyBasicContinuousOperations,quarterlyDilutedNIAvailtoComStockholders,quarterlyAverageDilutionEarnings,quarterlyNetIncomeCommonStockholders,quarterlyOtherunderPreferredStockDividend,quarterlyPreferredStockDividends,quarterlyNetIncome,quarterlyMinorityInterests,quarterlyNetIncomeIncludingNoncontrollingInterests,quarterlyNetIncomeFromTaxLossCarryforward,quarterlyNetIncomeExtraordinary,quarterlyNetIncomeDiscontinuousOperations,quarterlyNetIncomeContinuousOperations,quarterlyEarningsFromEquityInterestNetOfTax,quarterlyTaxProvision,quarterlyPretaxIncome,quarterlyOtherIncomeExpense,quarterlyOtherNonOperatingIncomeExpenses,quarterlySpecialIncomeCharges,quarterlyGainOnSaleOfPPE,quarterlyGainOnSaleOfBusiness,quarterlyOtherSpecialCharges,quarterlyWriteOff,quarterlyImpairmentOfCapitalAssets,quarterlyRestructuringAndMergernAcquisition,quarterlySecuritiesAmortization,quarterlyEarningsFromEquityInterest,quarterlyGainOnSaleOfSecurity,quarterlyNetNonOperatingInterestIncomeExpense,quarterlyTotalOtherFinanceCost,quarterlyInterestExpenseNonOperating,quarterlyInterestIncomeNonOperating,quarterlyOperatingIncome,quarterlyOperatingExpense,quarterlyOtherOperatingExpenses,quarterlyOtherTaxes,quarterlyProvisionForDoubtfulAccounts,quarterlyDepreciationAmortizationDepletionIncomeStatement,quarterlyDepletionIncomeStatement,quarterlyDepreciationAndAmortizationInIncomeStatement,quarterlyAmortization,quarterlyAmortizationOfIntangiblesIncomeStatement,quarterlyDepreciationIncomeStatement,quarterlyResearchAndDevelopment,quarterlySellingGeneralAndAdministration,quarterlySellingAndMarketingExpense,quarterlyGeneralAndAdministrativeExpense,quarterlyOtherGandA,quarterlyInsuranceAndClaims,quarterlyRentAndLandingFees,quarterlySalariesAndWages,quarterlyGrossProfit,quarterlyCostOfRevenue,quarterlyTotalRevenue,quarterlyExciseTaxes,quarterlyOperatingRevenue,quarterlyLossAdjustmentExpense,quarterlyNetPolicyholderBenefitsAndClaims,quarterlyPolicyholderBenefitsGross,quarterlyPolicyholderBenefitsCeded,quarterlyOccupancyAndEquipment,quarterlyProfessionalExpenseAndContractServicesExpense,quarterlyOtherNonInterestExpense&period1=1483138800&period2=1727222400&crumb=pUN0xdwtFPE HTTP/11" 200 None
[2024-09-24 19:19][DEBUG] response code=200
[2024-09-24 19:19][DEBUG]  Exiting get()
[2024-09-24 19:19][DEBUG] Exiting _fetch_time_series()
[2024-09-24 19:19][WARNING] Table already up to date, should not happen check api or yahoo finance
[2024-09-24 19:19][WARNING] Table already up to date, should not happen check api or yahoo finance
[2024-09-24 19:19][WARNING] Table already up to date, should not happen check api or yahoo finance
[2024-09-25 13:53][DEBUG] Entering _fetch_time_series()
[2024-09-25 13:53][DEBUG]  Entering get()
[2024-09-25 13:53][DEBUG] url=https://query2.finance.yahoo.com/ws/fundamentals-timeseries/v1/finance/timeseries/AZO?symbol=AZO&type=quarterlyTaxEffectOfUnusualItems,quarterlyTaxRateForCalcs,quarterlyNormalizedEBITDA,quarterlyNorma...
[2024-09-25 13:53][DEBUG] params=None
[2024-09-25 13:53][DEBUG]   Entering _get_cookie_and_crumb()
[2024-09-25 13:53][DEBUG] cookie_mode = 'basic'
[2024-09-25 13:53][DEBUG]    Entering _get_cookie_and_crumb_basic()
[2024-09-25 13:53][DEBUG] ('CREATE TABLE IF NOT EXISTS "_cookieschema" ("strategy" VARCHAR(255) NOT NULL PRIMARY KEY, "fetch_date" DATETIME NOT NULL, "cookie_bytes" BLOB NOT NULL) WITHOUT ROWID', [])
[2024-09-25 13:53][DEBUG] ('SELECT "t1"."strategy", "t1"."fetch_date", "t1"."cookie_bytes" FROM "_cookieschema" AS "t1" WHERE ("t1"."strategy" = ?) LIMIT ? OFFSET ?', ['basic', 1, 0])
[2024-09-25 13:53][DEBUG] loaded persistent cookie
[2024-09-25 13:53][DEBUG] reusing cookie
[2024-09-25 13:53][DEBUG] Starting new HTTPS connection (1): query1.finance.yahoo.com:443
[2024-09-25 13:53][DEBUG] https://query1.finance.yahoo.com:443 "GET /v1/test/getcrumb HTTP/11" 200 11
[2024-09-25 13:53][DEBUG] crumb = 'pUN0xdwtFPE'
[2024-09-25 13:53][DEBUG]    Exiting _get_cookie_and_crumb_basic()
[2024-09-25 13:53][DEBUG]   Exiting _get_cookie_and_crumb()
[2024-09-25 13:53][DEBUG] Starting new HTTPS connection (1): query2.finance.yahoo.com:443
[2024-09-25 13:53][DEBUG] https://query2.finance.yahoo.com:443 "GET /ws/fundamentals-timeseries/v1/finance/timeseries/AZO?symbol=AZO&type=quarterlyTaxEffectOfUnusualItems,quarterlyTaxRateForCalcs,quarterlyNormalizedEBITDA,quarterlyNormalizedDilutedEPS,quarterlyNormalizedBasicEPS,quarterlyTotalUnusualItems,quarterlyTotalUnusualItemsExcludingGoodwill,quarterlyNetIncomeFromContinuingOperationNetMinorityInterest,quarterlyReconciledDepreciation,quarterlyReconciledCostOfRevenue,quarterlyEBITDA,quarterlyEBIT,quarterlyNetInterestIncome,quarterlyInterestExpense,quarterlyInterestIncome,quarterlyContinuingAndDiscontinuedDilutedEPS,quarterlyContinuingAndDiscontinuedBasicEPS,quarterlyNormalizedIncome,quarterlyNetIncomeFromContinuingAndDiscontinuedOperation,quarterlyTotalExpenses,quarterlyRentExpenseSupplemental,quarterlyReportedNormalizedDilutedEPS,quarterlyReportedNormalizedBasicEPS,quarterlyTotalOperatingIncomeAsReported,quarterlyDividendPerShare,quarterlyDilutedAverageShares,quarterlyBasicAverageShares,quarterlyDilutedEPS,quarterlyDilutedEPSOtherGainsLosses,quarterlyTaxLossCarryforwardDilutedEPS,quarterlyDilutedAccountingChange,quarterlyDilutedExtraordinary,quarterlyDilutedDiscontinuousOperations,quarterlyDilutedContinuousOperations,quarterlyBasicEPS,quarterlyBasicEPSOtherGainsLosses,quarterlyTaxLossCarryforwardBasicEPS,quarterlyBasicAccountingChange,quarterlyBasicExtraordinary,quarterlyBasicDiscontinuousOperations,quarterlyBasicContinuousOperations,quarterlyDilutedNIAvailtoComStockholders,quarterlyAverageDilutionEarnings,quarterlyNetIncomeCommonStockholders,quarterlyOtherunderPreferredStockDividend,quarterlyPreferredStockDividends,quarterlyNetIncome,quarterlyMinorityInterests,quarterlyNetIncomeIncludingNoncontrollingInterests,quarterlyNetIncomeFromTaxLossCarryforward,quarterlyNetIncomeExtraordinary,quarterlyNetIncomeDiscontinuousOperations,quarterlyNetIncomeContinuousOperations,quarterlyEarningsFromEquityInterestNetOfTax,quarterlyTaxProvision,quarterlyPretaxIncome,quarterlyOtherIncomeExpense,quarterlyOtherNonOperatingIncomeExpenses,quarterlySpecialIncomeCharges,quarterlyGainOnSaleOfPPE,quarterlyGainOnSaleOfBusiness,quarterlyOtherSpecialCharges,quarterlyWriteOff,quarterlyImpairmentOfCapitalAssets,quarterlyRestructuringAndMergernAcquisition,quarterlySecuritiesAmortization,quarterlyEarningsFromEquityInterest,quarterlyGainOnSaleOfSecurity,quarterlyNetNonOperatingInterestIncomeExpense,quarterlyTotalOtherFinanceCost,quarterlyInterestExpenseNonOperating,quarterlyInterestIncomeNonOperating,quarterlyOperatingIncome,quarterlyOperatingExpense,quarterlyOtherOperatingExpenses,quarterlyOtherTaxes,quarterlyProvisionForDoubtfulAccounts,quarterlyDepreciationAmortizationDepletionIncomeStatement,quarterlyDepletionIncomeStatement,quarterlyDepreciationAndAmortizationInIncomeStatement,quarterlyAmortization,quarterlyAmortizationOfIntangiblesIncomeStatement,quarterlyDepreciationIncomeStatement,quarterlyResearchAndDevelopment,quarterlySellingGeneralAndAdministration,quarterlySellingAndMarketingExpense,quarterlyGeneralAndAdministrativeExpense,quarterlyOtherGandA,quarterlyInsuranceAndClaims,quarterlyRentAndLandingFees,quarterlySalariesAndWages,quarterlyGrossProfit,quarterlyCostOfRevenue,quarterlyTotalRevenue,quarterlyExciseTaxes,quarterlyOperatingRevenue,quarterlyLossAdjustmentExpense,quarterlyNetPolicyholderBenefitsAndClaims,quarterlyPolicyholderBenefitsGross,quarterlyPolicyholderBenefitsCeded,quarterlyOccupancyAndEquipment,quarterlyProfessionalExpenseAndContractServicesExpense,quarterlyOtherNonInterestExpense&period1=1483138800&period2=1727308800&crumb=pUN0xdwtFPE HTTP/11" 200 None
[2024-09-25 13:53][DEBUG] response code=200
[2024-09-25 13:53][DEBUG]  Exiting get()
[2024-09-25 13:53][DEBUG] Exiting _fetch_time_series()
[2024-09-25 13:53][DEBUG] Entering _fetch_time_series()
[2024-09-25 13:53][DEBUG]  Entering get()
[2024-09-25 13:53][DEBUG] url=https://query2.finance.yahoo.com/ws/fundamentals-timeseries/v1/finance/timeseries/DRI?symbol=DRI&type=quarterlyTaxEffectOfUnusualItems,quarterlyTaxRateForCalcs,quarterlyNormalizedEBITDA,quarterlyNorma...
[2024-09-25 13:53][DEBUG] params=None
[2024-09-25 13:53][DEBUG]   Entering _get_cookie_and_crumb()
[2024-09-25 13:53][DEBUG] cookie_mode = 'basic'
[2024-09-25 13:53][DEBUG]    Entering _get_cookie_and_crumb_basic()
[2024-09-25 13:53][DEBUG] reusing cookie
[2024-09-25 13:53][DEBUG] reusing crumb
[2024-09-25 13:53][DEBUG]    Exiting _get_cookie_and_crumb_basic()
[2024-09-25 13:53][DEBUG]   Exiting _get_cookie_and_crumb()
[2024-09-25 13:53][DEBUG] https://query2.finance.yahoo.com:443 "GET /ws/fundamentals-timeseries/v1/finance/timeseries/DRI?symbol=DRI&type=quarterlyTaxEffectOfUnusualItems,quarterlyTaxRateForCalcs,quarterlyNormalizedEBITDA,quarterlyNormalizedDilutedEPS,quarterlyNormalizedBasicEPS,quarterlyTotalUnusualItems,quarterlyTotalUnusualItemsExcludingGoodwill,quarterlyNetIncomeFromContinuingOperationNetMinorityInterest,quarterlyReconciledDepreciation,quarterlyReconciledCostOfRevenue,quarterlyEBITDA,quarterlyEBIT,quarterlyNetInterestIncome,quarterlyInterestExpense,quarterlyInterestIncome,quarterlyContinuingAndDiscontinuedDilutedEPS,quarterlyContinuingAndDiscontinuedBasicEPS,quarterlyNormalizedIncome,quarterlyNetIncomeFromContinuingAndDiscontinuedOperation,quarterlyTotalExpenses,quarterlyRentExpenseSupplemental,quarterlyReportedNormalizedDilutedEPS,quarterlyReportedNormalizedBasicEPS,quarterlyTotalOperatingIncomeAsReported,quarterlyDividendPerShare,quarterlyDilutedAverageShares,quarterlyBasicAverageShares,quarterlyDilutedEPS,quarterlyDilutedEPSOtherGainsLosses,quarterlyTaxLossCarryforwardDilutedEPS,quarterlyDilutedAccountingChange,quarterlyDilutedExtraordinary,quarterlyDilutedDiscontinuousOperations,quarterlyDilutedContinuousOperations,quarterlyBasicEPS,quarterlyBasicEPSOtherGainsLosses,quarterlyTaxLossCarryforwardBasicEPS,quarterlyBasicAccountingChange,quarterlyBasicExtraordinary,quarterlyBasicDiscontinuousOperations,quarterlyBasicContinuousOperations,quarterlyDilutedNIAvailtoComStockholders,quarterlyAverageDilutionEarnings,quarterlyNetIncomeCommonStockholders,quarterlyOtherunderPreferredStockDividend,quarterlyPreferredStockDividends,quarterlyNetIncome,quarterlyMinorityInterests,quarterlyNetIncomeIncludingNoncontrollingInterests,quarterlyNetIncomeFromTaxLossCarryforward,quarterlyNetIncomeExtraordinary,quarterlyNetIncomeDiscontinuousOperations,quarterlyNetIncomeContinuousOperations,quarterlyEarningsFromEquityInterestNetOfTax,quarterlyTaxProvision,quarterlyPretaxIncome,quarterlyOtherIncomeExpense,quarterlyOtherNonOperatingIncomeExpenses,quarterlySpecialIncomeCharges,quarterlyGainOnSaleOfPPE,quarterlyGainOnSaleOfBusiness,quarterlyOtherSpecialCharges,quarterlyWriteOff,quarterlyImpairmentOfCapitalAssets,quarterlyRestructuringAndMergernAcquisition,quarterlySecuritiesAmortization,quarterlyEarningsFromEquityInterest,quarterlyGainOnSaleOfSecurity,quarterlyNetNonOperatingInterestIncomeExpense,quarterlyTotalOtherFinanceCost,quarterlyInterestExpenseNonOperating,quarterlyInterestIncomeNonOperating,quarterlyOperatingIncome,quarterlyOperatingExpense,quarterlyOtherOperatingExpenses,quarterlyOtherTaxes,quarterlyProvisionForDoubtfulAccounts,quarterlyDepreciationAmortizationDepletionIncomeStatement,quarterlyDepletionIncomeStatement,quarterlyDepreciationAndAmortizationInIncomeStatement,quarterlyAmortization,quarterlyAmortizationOfIntangiblesIncomeStatement,quarterlyDepreciationIncomeStatement,quarterlyResearchAndDevelopment,quarterlySellingGeneralAndAdministration,quarterlySellingAndMarketingExpense,quarterlyGeneralAndAdministrativeExpense,quarterlyOtherGandA,quarterlyInsuranceAndClaims,quarterlyRentAndLandingFees,quarterlySalariesAndWages,quarterlyGrossProfit,quarterlyCostOfRevenue,quarterlyTotalRevenue,quarterlyExciseTaxes,quarterlyOperatingRevenue,quarterlyLossAdjustmentExpense,quarterlyNetPolicyholderBenefitsAndClaims,quarterlyPolicyholderBenefitsGross,quarterlyPolicyholderBenefitsCeded,quarterlyOccupancyAndEquipment,quarterlyProfessionalExpenseAndContractServicesExpense,quarterlyOtherNonInterestExpense&period1=1483138800&period2=1727308800&crumb=pUN0xdwtFPE HTTP/11" 200 None
[2024-09-25 13:53][DEBUG] response code=200
[2024-09-25 13:53][DEBUG]  Exiting get()
[2024-09-25 13:53][DEBUG] Exiting _fetch_time_series()
[2024-09-25 13:53][DEBUG] Entering _fetch_time_series()
[2024-09-25 13:53][DEBUG]  Entering get()
[2024-09-25 13:53][DEBUG] url=https://query2.finance.yahoo.com/ws/fundamentals-timeseries/v1/finance/timeseries/FDS?symbol=FDS&type=quarterlyTaxEffectOfUnusualItems,quarterlyTaxRateForCalcs,quarterlyNormalizedEBITDA,quarterlyNorma...
[2024-09-25 13:53][DEBUG] params=None
[2024-09-25 13:53][DEBUG]   Entering _get_cookie_and_crumb()
[2024-09-25 13:53][DEBUG] cookie_mode = 'basic'
[2024-09-25 13:53][DEBUG]    Entering _get_cookie_and_crumb_basic()
[2024-09-25 13:53][DEBUG] reusing cookie
[2024-09-25 13:53][DEBUG] reusing crumb
[2024-09-25 13:53][DEBUG]    Exiting _get_cookie_and_crumb_basic()
[2024-09-25 13:53][DEBUG]   Exiting _get_cookie_and_crumb()
[2024-09-25 13:53][DEBUG] https://query2.finance.yahoo.com:443 "GET /ws/fundamentals-timeseries/v1/finance/timeseries/FDS?symbol=FDS&type=quarterlyTaxEffectOfUnusualItems,quarterlyTaxRateForCalcs,quarterlyNormalizedEBITDA,quarterlyNormalizedDilutedEPS,quarterlyNormalizedBasicEPS,quarterlyTotalUnusualItems,quarterlyTotalUnusualItemsExcludingGoodwill,quarterlyNetIncomeFromContinuingOperationNetMinorityInterest,quarterlyReconciledDepreciation,quarterlyReconciledCostOfRevenue,quarterlyEBITDA,quarterlyEBIT,quarterlyNetInterestIncome,quarterlyInterestExpense,quarterlyInterestIncome,quarterlyContinuingAndDiscontinuedDilutedEPS,quarterlyContinuingAndDiscontinuedBasicEPS,quarterlyNormalizedIncome,quarterlyNetIncomeFromContinuingAndDiscontinuedOperation,quarterlyTotalExpenses,quarterlyRentExpenseSupplemental,quarterlyReportedNormalizedDilutedEPS,quarterlyReportedNormalizedBasicEPS,quarterlyTotalOperatingIncomeAsReported,quarterlyDividendPerShare,quarterlyDilutedAverageShares,quarterlyBasicAverageShares,quarterlyDilutedEPS,quarterlyDilutedEPSOtherGainsLosses,quarterlyTaxLossCarryforwardDilutedEPS,quarterlyDilutedAccountingChange,quarterlyDilutedExtraordinary,quarterlyDilutedDiscontinuousOperations,quarterlyDilutedContinuousOperations,quarterlyBasicEPS,quarterlyBasicEPSOtherGainsLosses,quarterlyTaxLossCarryforwardBasicEPS,quarterlyBasicAccountingChange,quarterlyBasicExtraordinary,quarterlyBasicDiscontinuousOperations,quarterlyBasicContinuousOperations,quarterlyDilutedNIAvailtoComStockholders,quarterlyAverageDilutionEarnings,quarterlyNetIncomeCommonStockholders,quarterlyOtherunderPreferredStockDividend,quarterlyPreferredStockDividends,quarterlyNetIncome,quarterlyMinorityInterests,quarterlyNetIncomeIncludingNoncontrollingInterests,quarterlyNetIncomeFromTaxLossCarryforward,quarterlyNetIncomeExtraordinary,quarterlyNetIncomeDiscontinuousOperations,quarterlyNetIncomeContinuousOperations,quarterlyEarningsFromEquityInterestNetOfTax,quarterlyTaxProvision,quarterlyPretaxIncome,quarterlyOtherIncomeExpense,quarterlyOtherNonOperatingIncomeExpenses,quarterlySpecialIncomeCharges,quarterlyGainOnSaleOfPPE,quarterlyGainOnSaleOfBusiness,quarterlyOtherSpecialCharges,quarterlyWriteOff,quarterlyImpairmentOfCapitalAssets,quarterlyRestructuringAndMergernAcquisition,quarterlySecuritiesAmortization,quarterlyEarningsFromEquityInterest,quarterlyGainOnSaleOfSecurity,quarterlyNetNonOperatingInterestIncomeExpense,quarterlyTotalOtherFinanceCost,quarterlyInterestExpenseNonOperating,quarterlyInterestIncomeNonOperating,quarterlyOperatingIncome,quarterlyOperatingExpense,quarterlyOtherOperatingExpenses,quarterlyOtherTaxes,quarterlyProvisionForDoubtfulAccounts,quarterlyDepreciationAmortizationDepletionIncomeStatement,quarterlyDepletionIncomeStatement,quarterlyDepreciationAndAmortizationInIncomeStatement,quarterlyAmortization,quarterlyAmortizationOfIntangiblesIncomeStatement,quarterlyDepreciationIncomeStatement,quarterlyResearchAndDevelopment,quarterlySellingGeneralAndAdministration,quarterlySellingAndMarketingExpense,quarterlyGeneralAndAdministrativeExpense,quarterlyOtherGandA,quarterlyInsuranceAndClaims,quarterlyRentAndLandingFees,quarterlySalariesAndWages,quarterlyGrossProfit,quarterlyCostOfRevenue,quarterlyTotalRevenue,quarterlyExciseTaxes,quarterlyOperatingRevenue,quarterlyLossAdjustmentExpense,quarterlyNetPolicyholderBenefitsAndClaims,quarterlyPolicyholderBenefitsGross,quarterlyPolicyholderBenefitsCeded,quarterlyOccupancyAndEquipment,quarterlyProfessionalExpenseAndContractServicesExpense,quarterlyOtherNonInterestExpense&period1=1483138800&period2=1727308800&crumb=pUN0xdwtFPE HTTP/11" 200 None
[2024-09-25 13:53][DEBUG] response code=200
[2024-09-25 13:53][DEBUG]  Exiting get()
[2024-09-25 13:53][DEBUG] Exiting _fetch_time_series()
[2024-09-25 13:53][DEBUG] Entering _fetch_time_series()
[2024-09-25 13:53][DEBUG]  Entering get()
[2024-09-25 13:53][DEBUG] url=https://query2.finance.yahoo.com/ws/fundamentals-timeseries/v1/finance/timeseries/LEN?symbol=LEN&type=quarterlyTaxEffectOfUnusualItems,quarterlyTaxRateForCalcs,quarterlyNormalizedEBITDA,quarterlyNorma...
[2024-09-25 13:53][DEBUG] params=None
[2024-09-25 13:53][DEBUG]   Entering _get_cookie_and_crumb()
[2024-09-25 13:53][DEBUG] cookie_mode = 'basic'
[2024-09-25 13:53][DEBUG]    Entering _get_cookie_and_crumb_basic()
[2024-09-25 13:53][DEBUG] reusing cookie
[2024-09-25 13:53][DEBUG] reusing crumb
[2024-09-25 13:53][DEBUG]    Exiting _get_cookie_and_crumb_basic()
[2024-09-25 13:53][DEBUG]   Exiting _get_cookie_and_crumb()
[2024-09-25 13:53][DEBUG] https://query2.finance.yahoo.com:443 "GET /ws/fundamentals-timeseries/v1/finance/timeseries/LEN?symbol=LEN&type=quarterlyTaxEffectOfUnusualItems,quarterlyTaxRateForCalcs,quarterlyNormalizedEBITDA,quarterlyNormalizedDilutedEPS,quarterlyNormalizedBasicEPS,quarterlyTotalUnusualItems,quarterlyTotalUnusualItemsExcludingGoodwill,quarterlyNetIncomeFromContinuingOperationNetMinorityInterest,quarterlyReconciledDepreciation,quarterlyReconciledCostOfRevenue,quarterlyEBITDA,quarterlyEBIT,quarterlyNetInterestIncome,quarterlyInterestExpense,quarterlyInterestIncome,quarterlyContinuingAndDiscontinuedDilutedEPS,quarterlyContinuingAndDiscontinuedBasicEPS,quarterlyNormalizedIncome,quarterlyNetIncomeFromContinuingAndDiscontinuedOperation,quarterlyTotalExpenses,quarterlyRentExpenseSupplemental,quarterlyReportedNormalizedDilutedEPS,quarterlyReportedNormalizedBasicEPS,quarterlyTotalOperatingIncomeAsReported,quarterlyDividendPerShare,quarterlyDilutedAverageShares,quarterlyBasicAverageShares,quarterlyDilutedEPS,quarterlyDilutedEPSOtherGainsLosses,quarterlyTaxLossCarryforwardDilutedEPS,quarterlyDilutedAccountingChange,quarterlyDilutedExtraordinary,quarterlyDilutedDiscontinuousOperations,quarterlyDilutedContinuousOperations,quarterlyBasicEPS,quarterlyBasicEPSOtherGainsLosses,quarterlyTaxLossCarryforwardBasicEPS,quarterlyBasicAccountingChange,quarterlyBasicExtraordinary,quarterlyBasicDiscontinuousOperations,quarterlyBasicContinuousOperations,quarterlyDilutedNIAvailtoComStockholders,quarterlyAverageDilutionEarnings,quarterlyNetIncomeCommonStockholders,quarterlyOtherunderPreferredStockDividend,quarterlyPreferredStockDividends,quarterlyNetIncome,quarterlyMinorityInterests,quarterlyNetIncomeIncludingNoncontrollingInterests,quarterlyNetIncomeFromTaxLossCarryforward,quarterlyNetIncomeExtraordinary,quarterlyNetIncomeDiscontinuousOperations,quarterlyNetIncomeContinuousOperations,quarterlyEarningsFromEquityInterestNetOfTax,quarterlyTaxProvision,quarterlyPretaxIncome,quarterlyOtherIncomeExpense,quarterlyOtherNonOperatingIncomeExpenses,quarterlySpecialIncomeCharges,quarterlyGainOnSaleOfPPE,quarterlyGainOnSaleOfBusiness,quarterlyOtherSpecialCharges,quarterlyWriteOff,quarterlyImpairmentOfCapitalAssets,quarterlyRestructuringAndMergernAcquisition,quarterlySecuritiesAmortization,quarterlyEarningsFromEquityInterest,quarterlyGainOnSaleOfSecurity,quarterlyNetNonOperatingInterestIncomeExpense,quarterlyTotalOtherFinanceCost,quarterlyInterestExpenseNonOperating,quarterlyInterestIncomeNonOperating,quarterlyOperatingIncome,quarterlyOperatingExpense,quarterlyOtherOperatingExpenses,quarterlyOtherTaxes,quarterlyProvisionForDoubtfulAccounts,quarterlyDepreciationAmortizationDepletionIncomeStatement,quarterlyDepletionIncomeStatement,quarterlyDepreciationAndAmortizationInIncomeStatement,quarterlyAmortization,quarterlyAmortizationOfIntangiblesIncomeStatement,quarterlyDepreciationIncomeStatement,quarterlyResearchAndDevelopment,quarterlySellingGeneralAndAdministration,quarterlySellingAndMarketingExpense,quarterlyGeneralAndAdministrativeExpense,quarterlyOtherGandA,quarterlyInsuranceAndClaims,quarterlyRentAndLandingFees,quarterlySalariesAndWages,quarterlyGrossProfit,quarterlyCostOfRevenue,quarterlyTotalRevenue,quarterlyExciseTaxes,quarterlyOperatingRevenue,quarterlyLossAdjustmentExpense,quarterlyNetPolicyholderBenefitsAndClaims,quarterlyPolicyholderBenefitsGross,quarterlyPolicyholderBenefitsCeded,quarterlyOccupancyAndEquipment,quarterlyProfessionalExpenseAndContractServicesExpense,quarterlyOtherNonInterestExpense&period1=1483138800&period2=1727308800&crumb=pUN0xdwtFPE HTTP/11" 200 None
[2024-09-25 13:53][DEBUG] response code=200
[2024-09-25 13:53][DEBUG]  Exiting get()
[2024-09-25 13:53][DEBUG] Exiting _fetch_time_series()
[2024-09-25 13:53][WARNING] Table already up to date, should not happen check api or yahoo finance
[2024-09-25 13:53][WARNING] Table already up to date, should not happen check api or yahoo finance
[2024-09-25 13:53][WARNING] Table already up to date, should not happen check api or yahoo finance
[2024-09-25 13:53][WARNING] Table already up to date, should not happen check api or yahoo finance
